<?xml version="1.0" encoding="UTF-8" ?>
<testsuites name="vitest tests" tests="2" failures="0" errors="0" time="0.33873144">
    <testsuite name="tests/chat-transition-final-report.test.ts" timestamp="2026-03-03T02:05:06.074Z" hostname="agent-env-818ed885-66e8-4ceb-9e95-24017548c940" tests="2" failures="0" errors="0" skipped="0" time="0.33873144">
        <testcase classname="tests/chat-transition-final-report.test.ts" name="Chat transition: diagnostic -&gt; final_report &gt; transitions directly to final_report on transition signal and never writes labor_confirmation" time="0.330473329">
            <system-out>
[Chat API v2] Input: detected=EN (heuristic-default), dialogue=EN, Output: mode=AUTO, effective=EN, strategy=auto, includeTranslation=false, translationLanguage=none

[Chat API v2] Procedure catalog: water_pump
[Chat API v2] Context Engine: intent=MAIN_DIAGNOSTIC, submode=main, stateChanged=false

[Chat API v2] Context Engine: recorded action type=question
[Chat API v2] Auto-transition to final_report (transition-signal)

            </system-out>
        </testcase>
        <testcase classname="tests/chat-transition-final-report.test.ts" name="Chat transition: diagnostic -&gt; final_report &gt; transitions directly to final_report when pivot is triggered by context engine" time="0.006758363">
            <system-out>
[Chat API v2] Input: detected=EN (heuristic-default), dialogue=EN, Output: mode=AUTO, effective=EN, strategy=auto, includeTranslation=false, translationLanguage=none

[Chat API v2] Procedure catalog: water_pump
[Chat API v2] Context Engine: intent=MAIN_DIAGNOSTIC, submode=main, stateChanged=true
[Chat API v2] Pivot triggered (Context Engine): &quot;Pump non-responsive under direct 12V&quot;

[Chat API v2] Validation failed, retrying with correction...

[Chat API v2] Retry failed, using safe fallback in EN
[Chat API v2] Context Engine: recorded action type=question
[Chat API v2] Auto-transition to final_report (context-engine-pivot)

            </system-out>
            <system-err>
[ModeValidator] Violations (case=case_123, mode=diagnostic): [ [32m&apos;DIAGNOSTIC_QUESTION: Output does not contain a question&apos;[39m ]

[ModeValidator] Violations (case=case_123, mode=diagnostic): [
  [32m&apos;DIAGNOSTIC_DRIFT: Output looks like a final report while in diagnostic mode&apos;[39m,
  [32m&apos;DIAGNOSTIC_QUESTION: Output does not contain a question&apos;[39m
]

[Chat API v2] Final report generation error after transition: Cannot read properties of undefined (reading &apos;ok&apos;)

            </system-err>
        </testcase>
    </testsuite>
</testsuites>
