<?xml version="1.0" encoding="UTF-8" ?>
<testsuites name="vitest tests" tests="5" failures="0" errors="0" time="0.182461877">
    <testsuite name="tests/chat-transition-final-report.test.ts" timestamp="2026-03-03T18:02:42.974Z" hostname="agent-env-818ed885-66e8-4ceb-9e95-24017548c940" tests="5" failures="0" errors="0" skipped="0" time="0.182461877">
        <testcase classname="tests/chat-transition-final-report.test.ts" name="Chat transition: diagnostic -&gt; final_report &gt; transitions directly to final_report on transition signal and never writes labor_confirmation" time="0.153504789">
            <system-out>
[Chat API v2] Input: detected=EN (heuristic-default), dialogue=EN, Output: mode=AUTO, effective=EN, strategy=auto, includeTranslation=false, translationLanguage=none

[Chat API v2] Procedure catalog: water_pump
[Chat API v2] Context Engine: intent=MAIN_DIAGNOSTIC, submode=main, stateChanged=false

[Chat API v2] Context Engine: recorded action type=question
[Chat API v2] Auto-transition to final_report (transition-signal)

            </system-out>
        </testcase>
        <testcase classname="tests/chat-transition-final-report.test.ts" name="Chat transition: diagnostic -&gt; final_report &gt; transitions directly to final_report when pivot is triggered by context engine" time="0.008850456">
            <system-out>
[Chat API v2] Input: detected=EN (heuristic-default), dialogue=EN, Output: mode=AUTO, effective=EN, strategy=auto, includeTranslation=false, translationLanguage=none

[Chat API v2] Procedure catalog: water_pump
[Chat API v2] Context Engine: intent=MAIN_DIAGNOSTIC, submode=main, stateChanged=true
[Chat API v2] Pivot triggered (Context Engine): &quot;Pump non-responsive under direct 12V&quot;

[Chat API v2] Validation failed, retrying with correction...

[Chat API v2] Retry failed, using safe fallback in EN
[Chat API v2] Context Engine: recorded action type=question
[Chat API v2] Auto-transition to final_report (context-engine-pivot)

            </system-out>
            <system-err>
[ModeValidator] Violations (case=case_123, mode=diagnostic): [ [32m&apos;DIAGNOSTIC_QUESTION: Output does not contain a question&apos;[39m ]

[ModeValidator] Violations (case=case_123, mode=diagnostic): [
  [32m&apos;DIAGNOSTIC_DRIFT: Output looks like a final report while in diagnostic mode&apos;[39m,
  [32m&apos;DIAGNOSTIC_QUESTION: Output does not contain a question&apos;[39m
]

[Chat API v2] Final report generation error after transition: Cannot read properties of undefined (reading &apos;ok&apos;)

            </system-err>
        </testcase>
        <testcase classname="tests/chat-transition-final-report.test.ts" name="Chat final_report labor override &gt; keeps mode in final_report and regenerates report with canonical labor total" time="0.00638432">
            <system-out>
[Chat API v2] Input: detected=EN (heuristic-default), dialogue=EN, Output: mode=AUTO, effective=EN, strategy=auto, includeTranslation=false, translationLanguage=none

[Chat API v2] Final report labor override requested: total=1.0 hr

            </system-out>
            <system-err>
[ModeValidator] Violations (case=case_789, mode=final_report): [
  [32m&apos;PROHIBITED_WORDS: English section contains denial-trigger words: failed&apos;[39m
]

[Chat API v2] Labor override response invalid after retry, using fallback for 1.0 hr

            </system-err>
        </testcase>
        <testcase classname="tests/chat-transition-final-report.test.ts" name="Chat final_report labor override &gt; parses Russian override request and normalizes total to one decimal" time="0.007931259">
            <system-out>
[Chat API v2] Input: detected=RU (heuristic-cyrillic), dialogue=RU, Output: mode=AUTO, effective=RU, strategy=auto, includeTranslation=true, translationLanguage=RU

[Chat API v2] Final report labor override requested: total=1.0 hr

            </system-out>
            <system-err>
[ModeValidator] Violations (case=case_789, mode=final_report): [
  [32m&quot;FINAL_REPORT_FORMAT: Missing &apos;--- TRANSLATION ---&apos; separator&quot;[39m,
  [32m&apos;FINAL_REPORT_LANG_POLICY: English section contains non-English characters&apos;[39m
]

[Chat API v2] Labor override response invalid after retry, using fallback for 1.0 hr

            </system-err>
        </testcase>
        <testcase classname="tests/chat-transition-final-report.test.ts" name="Chat final_report labor override &gt; does not trigger labor override when intent keywords are absent" time="0.004241454">
            <system-out>
[Chat API v2] Input: detected=EN (heuristic-default), dialogue=EN, Output: mode=AUTO, effective=EN, strategy=auto, includeTranslation=false, translationLanguage=none

[Chat API v2] Validation failed, retrying with correction...

[Chat API v2] Retry failed, using safe fallback in EN

            </system-out>
            <system-err>
[ModeValidator] Violations (case=case_789, mode=final_report): [
  [32m&apos;PROHIBITED_WORDS: English section contains denial-trigger words: failed&apos;[39m
]

            </system-err>
        </testcase>
    </testsuite>
</testsuites>
