<?xml version="1.0" encoding="UTF-8" ?>
<testsuites name="vitest tests" tests="793" failures="0" errors="0" time="26.672947488">
    <testsuite name="tests/access-blocked.test.tsx" timestamp="2026-03-18T23:24:09.485Z" hostname="agent-env-1cb0b3e9-d306-43ff-a0c9-322439ab1ebc" tests="11" failures="0" errors="0" skipped="0" time="0.296705631">
        <testcase classname="tests/access-blocked.test.tsx" name="AccessBlockedScreen Component &gt; Logout button &gt; should render logout button when onLogout is provided" time="0.110027425">
        </testcase>
        <testcase classname="tests/access-blocked.test.tsx" name="AccessBlockedScreen Component &gt; Logout button &gt; should call onLogout when logout button is clicked" time="0.006639754">
        </testcase>
        <testcase classname="tests/access-blocked.test.tsx" name="AccessBlockedScreen Component &gt; Logout button &gt; should not render logout button when onLogout is not provided" time="0.002869167">
        </testcase>
        <testcase classname="tests/access-blocked.test.tsx" name="AccessBlockedScreen Component &gt; not_a_member reason &gt; should show correct title and message for not_a_member" time="0.003296501">
        </testcase>
        <testcase classname="tests/access-blocked.test.tsx" name="AccessBlockedScreen Component &gt; not_a_member reason &gt; should show contact support link for not_a_member" time="0.079401204">
        </testcase>
        <testcase classname="tests/access-blocked.test.tsx" name="AccessBlockedScreen Component &gt; blocked_domain reason &gt; should show correct title for blocked_domain" time="0.002262409">
        </testcase>
        <testcase classname="tests/access-blocked.test.tsx" name="AccessBlockedScreen Component &gt; seat_limit_exceeded reason &gt; should show correct message for non-admin" time="0.002787321">
        </testcase>
        <testcase classname="tests/access-blocked.test.tsx" name="AccessBlockedScreen Component &gt; seat_limit_exceeded reason &gt; should show admin-specific message for admin" time="0.002311394">
        </testcase>
        <testcase classname="tests/access-blocked.test.tsx" name="AccessBlockedScreen Component &gt; inactive/pending reasons &gt; should show correct title for inactive" time="0.002608249">
        </testcase>
        <testcase classname="tests/access-blocked.test.tsx" name="AccessBlockedScreen Component &gt; inactive/pending reasons &gt; should show correct title for pending" time="0.002526489">
        </testcase>
        <testcase classname="tests/access-blocked.test.tsx" name="AccessBlockedScreen Component &gt; Refresh button &gt; should render refresh button for subscription_required" time="0.003108925">
        </testcase>
    </testsuite>
    <testsuite name="tests/admin-navigation.test.tsx" timestamp="2026-03-18T23:24:09.487Z" hostname="agent-env-1cb0b3e9-d306-43ff-a0c9-322439ab1ebc" tests="6" failures="0" errors="0" skipped="0" time="0.010470201">
        <testcase classname="tests/admin-navigation.test.tsx" name="Admin Navigation &gt; Back to Dashboard button &gt; should route to /?from=admin to skip welcome screen" time="0.007773199">
        </testcase>
        <testcase classname="tests/admin-navigation.test.tsx" name="Admin Navigation &gt; Back to Dashboard button &gt; should not route to plain / which shows welcome" time="0.000335579">
        </testcase>
        <testcase classname="tests/admin-navigation.test.tsx" name="Admin Navigation &gt; Query param handling on main page &gt; should detect from=admin query param" time="0.000493039">
        </testcase>
        <testcase classname="tests/admin-navigation.test.tsx" name="Admin Navigation &gt; Query param handling on main page &gt; should skip to app step when from=admin is set" time="0.000134246">
        </testcase>
        <testcase classname="tests/admin-navigation.test.tsx" name="Admin Navigation &gt; Seat counter display &gt; should format seat count as X / Y seats" time="0.000330812">
        </testcase>
        <testcase classname="tests/admin-navigation.test.tsx" name="Admin Navigation &gt; No standalone logout in admin header &gt; should not have admin-logout-button in admin members page" time="0.000145559">
        </testcase>
    </testsuite>
    <testsuite name="tests/api-terms-route.test.ts" timestamp="2026-03-18T23:24:09.488Z" hostname="agent-env-1cb0b3e9-d306-43ff-a0c9-322439ab1ebc" tests="1" failures="0" errors="0" skipped="0" time="0.100149031">
        <testcase classname="tests/api-terms-route.test.ts" name="/api/terms route &gt; returns {version, markdown}" time="0.09902399">
        </testcase>
    </testsuite>
    <testsuite name="tests/auth-routes.test.ts" timestamp="2026-03-18T23:24:09.488Z" hostname="agent-env-1cb0b3e9-d306-43ff-a0c9-322439ab1ebc" tests="8" failures="0" errors="0" skipped="0" time="0.907314217">
        <testcase classname="tests/auth-routes.test.ts" name="Auth API Routes &gt; POST /api/auth/register &gt; should register a new user successfully" time="0.235091642">
        </testcase>
        <testcase classname="tests/auth-routes.test.ts" name="Auth API Routes &gt; POST /api/auth/register &gt; should reject registration with missing email" time="0.001148545">
        </testcase>
        <testcase classname="tests/auth-routes.test.ts" name="Auth API Routes &gt; POST /api/auth/register &gt; should reject weak passwords" time="0.000917396">
        </testcase>
        <testcase classname="tests/auth-routes.test.ts" name="Auth API Routes &gt; POST /api/auth/login &gt; should login user successfully" time="0.078459809">
        </testcase>
        <testcase classname="tests/auth-routes.test.ts" name="Auth API Routes &gt; POST /api/auth/login &gt; should reject invalid credentials" time="0.001606417">
        </testcase>
        <testcase classname="tests/auth-routes.test.ts" name="Auth API Routes &gt; POST /api/auth/logout &gt; should logout user successfully" time="0.180655943">
        </testcase>
        <testcase classname="tests/auth-routes.test.ts" name="Auth API Routes &gt; GET /api/auth/me &gt; should return 401 when not authenticated (no cookie)" time="0.393130046">
        </testcase>
        <testcase classname="tests/auth-routes.test.ts" name="Auth API Routes &gt; GET /api/auth/me &gt; should return 401 when session cookie is invalid" time="0.012601048">
        </testcase>
    </testsuite>
    <testsuite name="tests/b2b-billing.test.ts" timestamp="2026-03-18T23:24:09.489Z" hostname="agent-env-1cb0b3e9-d306-43ff-a0c9-322439ab1ebc" tests="14" failures="0" errors="0" skipped="0" time="1.299221156">
        <testcase classname="tests/b2b-billing.test.ts" name="B2B Billing Integration &gt; Environment Configuration &gt; should have stripe secret key configured" time="0.001498952">
        </testcase>
        <testcase classname="tests/b2b-billing.test.ts" name="B2B Billing Integration &gt; Environment Configuration &gt; should have stripe webhook secret configured" time="0.000196519">
        </testcase>
        <testcase classname="tests/b2b-billing.test.ts" name="B2B Billing Integration &gt; Environment Configuration &gt; should have seat price ID configured" time="0.000249595">
        </testcase>
        <testcase classname="tests/b2b-billing.test.ts" name="B2B Billing Integration &gt; Environment Configuration &gt; should have require subscription flag" time="0.000233637">
        </testcase>
        <testcase classname="tests/b2b-billing.test.ts" name="B2B Billing Integration &gt; Checkout Session Route &gt; should return 401 if not authenticated" time="0.800703238">
        </testcase>
        <testcase classname="tests/b2b-billing.test.ts" name="B2B Billing Integration &gt; Checkout Session Route &gt; should return 400 if orgId is missing" time="0.090781986">
        </testcase>
        <testcase classname="tests/b2b-billing.test.ts" name="B2B Billing Integration &gt; Checkout Session Route &gt; should return 400 if origin is missing" time="0.006168532">
        </testcase>
        <testcase classname="tests/b2b-billing.test.ts" name="B2B Billing Integration &gt; Webhook Route &gt; should return 400 if stripe-signature header is missing" time="0.10016557">
        </testcase>
        <testcase classname="tests/b2b-billing.test.ts" name="B2B Billing Integration &gt; Gating Logic &gt; should allow access when subscription is not required" time="0.000394589">
        </testcase>
        <testcase classname="tests/b2b-billing.test.ts" name="B2B Billing Integration &gt; Gating Logic &gt; should require subscription when flag is true" time="0.000261352">
        </testcase>
        <testcase classname="tests/b2b-billing.test.ts" name="B2B Billing Integration &gt; Organization Route &gt; should return 401 if not authenticated" time="0.289761754">
        </testcase>
        <testcase classname="tests/b2b-billing.test.ts" name="Seat-based Pricing &gt; should calculate correct pricing for 5 seats" time="0.000205802">
        </testcase>
        <testcase classname="tests/b2b-billing.test.ts" name="Seat-based Pricing &gt; should calculate correct pricing for 10 seats" time="0.000257378">
        </testcase>
        <testcase classname="tests/b2b-billing.test.ts" name="Seat-based Pricing &gt; should calculate correct pricing for 25 seats" time="0.000110809">
        </testcase>
    </testsuite>
    <testsuite name="tests/billing-portal-upgrades.test.ts" timestamp="2026-03-18T23:24:09.491Z" hostname="agent-env-1cb0b3e9-d306-43ff-a0c9-322439ab1ebc" tests="12" failures="0" errors="0" skipped="0" time="0.004450836">
        <testcase classname="tests/billing-portal-upgrades.test.ts" name="Billing Portal - Subscription Upgrades &gt; Portal configuration &gt; should support portal configuration ID env var" time="0.001449563">
        </testcase>
        <testcase classname="tests/billing-portal-upgrades.test.ts" name="Billing Portal - Subscription Upgrades &gt; Portal configuration &gt; should not include configuration if not set" time="0.000183449">
        </testcase>
        <testcase classname="tests/billing-portal-upgrades.test.ts" name="Billing Portal - Subscription Upgrades &gt; Webhook handling for subscription updates &gt; should extract seat limit from subscription quantity" time="0.000293825">
        </testcase>
        <testcase classname="tests/billing-portal-upgrades.test.ts" name="Billing Portal - Subscription Upgrades &gt; Webhook handling for subscription updates &gt; should default to 5 seats if quantity not found" time="0.000245598">
        </testcase>
        <testcase classname="tests/billing-portal-upgrades.test.ts" name="Billing Portal - Subscription Upgrades &gt; Webhook handling for subscription updates &gt; should look up org by customer ID when metadata missing" time="0.000281515">
        </testcase>
        <testcase classname="tests/billing-portal-upgrades.test.ts" name="Subscription Status Mapping &gt; should map Stripe status &quot;active&quot; to &quot;active&quot;" time="0.000106106">
        </testcase>
        <testcase classname="tests/billing-portal-upgrades.test.ts" name="Subscription Status Mapping &gt; should map Stripe status &quot;trialing&quot; to &quot;trialing&quot;" time="0.000167211">
        </testcase>
        <testcase classname="tests/billing-portal-upgrades.test.ts" name="Subscription Status Mapping &gt; should map Stripe status &quot;past_due&quot; to &quot;past_due&quot;" time="0.000073209">
        </testcase>
        <testcase classname="tests/billing-portal-upgrades.test.ts" name="Subscription Status Mapping &gt; should map Stripe status &quot;canceled&quot; to &quot;canceled&quot;" time="0.000286023">
        </testcase>
        <testcase classname="tests/billing-portal-upgrades.test.ts" name="Subscription Status Mapping &gt; should map Stripe status &quot;unpaid&quot; to &quot;canceled&quot;" time="0.000096221">
        </testcase>
        <testcase classname="tests/billing-portal-upgrades.test.ts" name="Subscription Status Mapping &gt; should map Stripe status &quot;incomplete_expired&quot; to &quot;canceled&quot;" time="0.000128269">
        </testcase>
        <testcase classname="tests/billing-portal-upgrades.test.ts" name="Subscription Status Mapping &gt; should map Stripe status &quot;unknown_status&quot; to &quot;none&quot;" time="0.000053982">
        </testcase>
    </testsuite>
    <testsuite name="tests/branch-aware-resolution.test.ts" timestamp="2026-03-18T23:24:09.492Z" hostname="agent-env-1cb0b3e9-d306-43ff-a0c9-322439ab1ebc" tests="18" failures="0" errors="0" skipped="0" time="0.105144128">
        <testcase classname="tests/branch-aware-resolution.test.ts" name="Branch-Aware Step Resolution (P1.5) &gt; getNextStepBranchAware &gt; returns only main-flow steps when no branch is active" time="0.08589764">
        </testcase>
        <testcase classname="tests/branch-aware-resolution.test.ts" name="Branch-Aware Step Resolution (P1.5) &gt; getNextStepBranchAware &gt; returns only branch steps when a branch is active" time="0.000488862">
        </testcase>
        <testcase classname="tests/branch-aware-resolution.test.ts" name="Branch-Aware Step Resolution (P1.5) &gt; getNextStepBranchAware &gt; skips locked-out branch steps" time="0.006867557">
        </testcase>
        <testcase classname="tests/branch-aware-resolution.test.ts" name="Branch-Aware Step Resolution (P1.5) &gt; detectBranchTrigger &gt; detects no_ignition branch trigger" time="0.000394419">
        </testcase>
        <testcase classname="tests/branch-aware-resolution.test.ts" name="Branch-Aware Step Resolution (P1.5) &gt; detectBranchTrigger &gt; detects flame_failure branch trigger" time="0.000491131">
        </testcase>
        <testcase classname="tests/branch-aware-resolution.test.ts" name="Branch-Aware Step Resolution (P1.5) &gt; detectBranchTrigger &gt; detects no_gas branch trigger" time="0.00024982">
        </testcase>
        <testcase classname="tests/branch-aware-resolution.test.ts" name="Branch-Aware Step Resolution (P1.5) &gt; detectBranchTrigger &gt; returns null when no branch is triggered" time="0.000264277">
        </testcase>
        <testcase classname="tests/branch-aware-resolution.test.ts" name="Branch-Aware Step Resolution (P1.5) &gt; detectBranchTrigger &gt; returns null for non-trigger steps" time="0.000212609">
        </testcase>
        <testcase classname="tests/branch-aware-resolution.test.ts" name="Branch-Aware Step Resolution (P1.5) &gt; getMutuallyExclusiveBranches &gt; returns mutually exclusive branches for no_ignition" time="0.00070362">
        </testcase>
        <testcase classname="tests/branch-aware-resolution.test.ts" name="Branch-Aware Step Resolution (P1.5) &gt; getMutuallyExclusiveBranches &gt; returns mutually exclusive branches for flame_failure" time="0.000296832">
        </testcase>
        <testcase classname="tests/branch-aware-resolution.test.ts" name="Branch-Aware Step Resolution (P1.5) &gt; getMutuallyExclusiveBranches &gt; returns empty array for branches without exclusions" time="0.000677162">
        </testcase>
        <testcase classname="tests/branch-aware-resolution.test.ts" name="Branch-Aware Step Resolution (P1.5) &gt; Registry branch state management &gt; initializes with no active branch" time="0.001585892">
        </testcase>
        <testcase classname="tests/branch-aware-resolution.test.ts" name="Branch-Aware Step Resolution (P1.5) &gt; Registry branch state management &gt; processResponseForBranch enters branch and locks exclusives" time="0.003132801">
            <system-out>
[DiagnosticRegistry] Branch entered: no_ignition, locked out: flame_failure

            </system-out>
        </testcase>
        <testcase classname="tests/branch-aware-resolution.test.ts" name="Branch-Aware Step Resolution (P1.5) &gt; Registry branch state management &gt; setActiveBranch records decision in path" time="0.000496138">
            <system-out>
[DiagnosticRegistry] Branch changed: null → flame_failure (Manual test)

            </system-out>
        </testcase>
        <testcase classname="tests/branch-aware-resolution.test.ts" name="Branch-Aware Step Resolution (P1.5) &gt; Registry branch state management &gt; exitBranch returns to main flow" time="0.000539304">
            <system-out>
[DiagnosticRegistry] Branch changed: null → no_gas (Test entry)
[DiagnosticRegistry] Exited branch: no_gas (Branch completed)

            </system-out>
        </testcase>
        <testcase classname="tests/branch-aware-resolution.test.ts" name="Branch-Aware Step Resolution (P1.5) &gt; Linear progression with branching &gt; follows main flow when no branch triggered" time="0.000378151">
        </testcase>
        <testcase classname="tests/branch-aware-resolution.test.ts" name="Branch-Aware Step Resolution (P1.5) &gt; Linear progression with branching &gt; enters branch and stays in branch until complete" time="0.000396694">
            <system-out>
[DiagnosticRegistry] Branch entered: no_ignition, locked out: flame_failure
[DiagnosticRegistry] Exited branch: no_ignition (Branch steps complete)

            </system-out>
        </testcase>
        <testcase classname="tests/branch-aware-resolution.test.ts" name="Branch-Aware Step Resolution (P1.5) &gt; Linear progression with branching &gt; prevents flame_failure branch after no_ignition entered" time="0.000399032">
            <system-out>
[DiagnosticRegistry] Branch entered: no_ignition, locked out: flame_failure

            </system-out>
        </testcase>
    </testsuite>
    <testsuite name="tests/branch-runtime-integration.test.ts" timestamp="2026-03-18T23:24:09.494Z" hostname="agent-env-1cb0b3e9-d306-43ff-a0c9-322439ab1ebc" tests="5" failures="0" errors="0" skipped="0" time="0.010880344">
        <testcase classname="tests/branch-runtime-integration.test.ts" name="Branch Runtime Integration &gt; Full branch flow simulation (mimics route.ts) &gt; simulates complete branch entry and progression" time="0.006501839">
            <system-out>
[DiagnosticRegistry] Branch entered: no_ignition, locked out: flame_failure
[DiagnosticRegistry] Exited branch: no_ignition (Branch steps exhausted)

            </system-out>
        </testcase>
        <testcase classname="tests/branch-runtime-integration.test.ts" name="Branch Runtime Integration &gt; Full branch flow simulation (mimics route.ts) &gt; prevents entering locked-out branch even if trigger matches" time="0.000986123">
            <system-out>
[DiagnosticRegistry] Branch entered: no_ignition, locked out: flame_failure
[DiagnosticRegistry] Exited branch: no_ignition (done)
[DiagnosticRegistry] Branch flame_failure is locked out, not entering

            </system-out>
        </testcase>
        <testcase classname="tests/branch-runtime-integration.test.ts" name="Branch Runtime Integration &gt; Full branch flow simulation (mimics route.ts) &gt; step IDs are distinct within branches" time="0.000859384">
            <system-out>
[DiagnosticRegistry] Branch entered: no_ignition, locked out: flame_failure

            </system-out>
        </testcase>
        <testcase classname="tests/branch-runtime-integration.test.ts" name="Branch Runtime Integration &gt; Edge cases &gt; handles case with no branches defined" time="0.00078028">
        </testcase>
        <testcase classname="tests/branch-runtime-integration.test.ts" name="Branch Runtime Integration &gt; Edge cases &gt; does not trigger branch when already in a branch" time="0.000562766">
            <system-out>
[DiagnosticRegistry] Branch entered: no_ignition, locked out: flame_failure

            </system-out>
        </testcase>
    </testsuite>
    <testsuite name="tests/cases-crud.test.ts" timestamp="2026-03-18T23:24:09.494Z" hostname="agent-env-1cb0b3e9-d306-43ff-a0c9-322439ab1ebc" tests="6" failures="0" errors="0" skipped="0" time="0.503064669">
        <testcase classname="tests/cases-crud.test.ts" name="Cases API Routes &gt; GET /api/cases &gt; should list cases for authenticated user" time="0.292995805">
        </testcase>
        <testcase classname="tests/cases-crud.test.ts" name="Cases API Routes &gt; GET /api/cases &gt; should list cases for unauthenticated user (backward compat)" time="0.000906041">
        </testcase>
        <testcase classname="tests/cases-crud.test.ts" name="Cases API Routes &gt; POST /api/cases &gt; should create case with user ownership" time="0.002081696">
        </testcase>
        <testcase classname="tests/cases-crud.test.ts" name="Cases API Routes &gt; GET /api/cases/[id] &gt; should get case with ownership check" time="0.204042781">
        </testcase>
        <testcase classname="tests/cases-crud.test.ts" name="Cases API Routes &gt; GET /api/cases/[id] &gt; should return 404 for non-existent case" time="0.000908757">
        </testcase>
        <testcase classname="tests/cases-crud.test.ts" name="Cases API Routes &gt; DELETE /api/cases/[id] &gt; should delete case with ownership check" time="0.000807294">
        </testcase>
    </testsuite>
    <testsuite name="tests/chat-attachments.test.ts" timestamp="2026-03-18T23:24:09.495Z" hostname="agent-env-1cb0b3e9-d306-43ff-a0c9-322439ab1ebc" tests="13" failures="0" errors="0" skipped="0" time="0.301760711">
        <testcase classname="tests/chat-attachments.test.ts" name="Chat API - Multi-Photo Attachments &gt; Attachment Validation &gt; should accept 2-3 valid image attachments" time="0.102678102">
        </testcase>
        <testcase classname="tests/chat-attachments.test.ts" name="Chat API - Multi-Photo Attachments &gt; Attachment Validation &gt; should reject more than 10 attachments" time="0.085785514">
        </testcase>
        <testcase classname="tests/chat-attachments.test.ts" name="Chat API - Multi-Photo Attachments &gt; Attachment Validation &gt; should reject attachments with invalid type" time="0.00714927">
        </testcase>
        <testcase classname="tests/chat-attachments.test.ts" name="Chat API - Multi-Photo Attachments &gt; Attachment Validation &gt; should reject attachments with non-image mime type" time="0.00030049">
        </testcase>
        <testcase classname="tests/chat-attachments.test.ts" name="Chat API - Multi-Photo Attachments &gt; Attachment Validation &gt; should calculate total attachment bytes correctly" time="0.005276987">
        </testcase>
        <testcase classname="tests/chat-attachments.test.ts" name="Chat API - Multi-Photo Attachments &gt; Vision Input Format &gt; should build OpenAI message with image_url content" time="0.001991227">
        </testcase>
        <testcase classname="tests/chat-attachments.test.ts" name="Chat API - Multi-Photo Attachments &gt; Vision Input Format &gt; should build OpenAI message with multiple image_url contents" time="0.000434342">
        </testcase>
        <testcase classname="tests/chat-attachments.test.ts" name="Chat API - Multi-Photo Attachments &gt; Vision Instruction &gt; should include vision instruction when images attached" time="0.000126586">
        </testcase>
        <testcase classname="tests/chat-attachments.test.ts" name="Chat API - Multi-Photo Attachments &gt; Vision Instruction &gt; should not include vision instruction when no images" time="0.000338258">
        </testcase>
        <testcase classname="tests/chat-attachments.test.ts" name="Chat API - Multi-Photo Attachments &gt; Vision Instruction &gt; should use plural form for multiple images" time="0.082718697">
        </testcase>
        <testcase classname="tests/chat-attachments.test.ts" name="Chat API - Attachment Size Limits &gt; should enforce maximum attachment count" time="0.00021415">
        </testcase>
        <testcase classname="tests/chat-attachments.test.ts" name="Chat API - Attachment Size Limits &gt; should enforce maximum total bytes" time="0.010869429">
        </testcase>
        <testcase classname="tests/chat-attachments.test.ts" name="Chat API - Attachment Size Limits &gt; should allow attachments under limits" time="0.001595147">
        </testcase>
    </testsuite>
    <testsuite name="tests/chat-final-report-override-intent-false-positive.test.ts" timestamp="2026-03-18T23:24:09.496Z" hostname="agent-env-1cb0b3e9-d306-43ff-a0c9-322439ab1ebc" tests="1" failures="0" errors="0" skipped="0" time="2.408679461">
        <testcase classname="tests/chat-final-report-override-intent-false-positive.test.ts" name="final_report labor override intent false positive guard &gt; does not trigger LABOR OVERRIDE for non-labor make+number message" time="2.407419975">
            <system-out>
[Chat API v2] Input: detected=EN (heuristic-default), dialogue=EN, forcedOutput=none, Output: mode=AUTO, effective=EN, strategy=auto, includeTranslation=false, translationLanguage=none

[Chat API v2][timing] {&quot;stage&quot;:&quot;load_history&quot;,&quot;caseId&quot;:&quot;case_789&quot;,&quot;loadHistoryMs&quot;:0}

[Chat API v2][timing] {&quot;stage&quot;:&quot;compose_prompt&quot;,&quot;caseId&quot;:&quot;case_789&quot;,&quot;mode&quot;:&quot;final_report&quot;,&quot;composePromptMs&quot;:1}

[Chat API v2][timing] {&quot;stage&quot;:&quot;sse_first_token&quot;,&quot;caseId&quot;:&quot;case_789&quot;,&quot;firstSseTokenMs&quot;:95}

[Chat API v2][timing] {&quot;stage&quot;:&quot;openai_call&quot;,&quot;caseId&quot;:&quot;case_789&quot;,&quot;mode&quot;:&quot;final_report&quot;,&quot;path&quot;:&quot;primary_first&quot;,&quot;openAiStartMs&quot;:88,&quot;openAiMs&quot;:7,&quot;openAiFirstTokenMs&quot;:7}
[Chat API v2][flow] {&quot;stage&quot;:&quot;validation_post_stream&quot;,&quot;caseId&quot;:&quot;case_789&quot;,&quot;mode&quot;:&quot;final_report&quot;,&quot;path&quot;:&quot;primary_first&quot;,&quot;openAiFirstTokenMs&quot;:7,&quot;responseChars&quot;:177}
[Chat API v2][timing] {&quot;stage&quot;:&quot;validate_output&quot;,&quot;caseId&quot;:&quot;case_789&quot;,&quot;mode&quot;:&quot;final_report&quot;,&quot;path&quot;:&quot;primary_first&quot;,&quot;validateMs&quot;:1}

[Chat API v2][timing] {&quot;stage&quot;:&quot;request_total&quot;,&quot;caseId&quot;:&quot;case_789&quot;,&quot;totalMs&quot;:97,&quot;aborted&quot;:false}

            </system-out>
        </testcase>
    </testsuite>
    <testsuite name="tests/chat-labor-override-drift-guard.test.ts" timestamp="2026-03-18T23:24:09.497Z" hostname="agent-env-1cb0b3e9-d306-43ff-a0c9-322439ab1ebc" tests="4" failures="0" errors="0" skipped="0" time="0.606865192">
        <testcase classname="tests/chat-labor-override-drift-guard.test.ts" name="Labor override detection + diagnostic drift guard &gt; detects RU labor override intent variants (including typo)" time="0.49473431">
        </testcase>
        <testcase classname="tests/chat-labor-override-drift-guard.test.ts" name="Labor override detection + diagnostic drift guard &gt; detects ES labor override intent variants" time="0.003916069">
        </testcase>
        <testcase classname="tests/chat-labor-override-drift-guard.test.ts" name="Labor override detection + diagnostic drift guard &gt; allows labor override when mode is diagnostic but final report exists in history" time="0.09553242">
            <system-out>
[Chat API v2] Input: detected=EN (heuristic-default), dialogue=EN, forcedOutput=none, Output: mode=AUTO, effective=EN, strategy=auto, includeTranslation=false, translationLanguage=none

[Chat API v2][timing] {&quot;stage&quot;:&quot;load_history&quot;,&quot;caseId&quot;:&quot;case_321&quot;,&quot;loadHistoryMs&quot;:0}

[Chat API v2] Procedure catalog: water_pump
[Chat API v2] Context engine: activeProcedureId synced to &apos;water_pump&apos;
[Chat API v2] Context Engine: intent=MAIN_DIAGNOSTIC, submode=main, stateChanged=false
[Chat API v2][timing] {&quot;stage&quot;:&quot;compose_prompt&quot;,&quot;caseId&quot;:&quot;case_321&quot;,&quot;mode&quot;:&quot;diagnostic&quot;,&quot;composePromptMs&quot;:0}
[Chat API v2] Final report labor override requested: total=2.0 hr
[Chat API v2][timing] {&quot;stage&quot;:&quot;compose_prompt&quot;,&quot;caseId&quot;:&quot;case_321&quot;,&quot;mode&quot;:&quot;final_report&quot;,&quot;path&quot;:&quot;labor_override&quot;,&quot;composePromptMs&quot;:0}

[Chat API v2][timing] {&quot;stage&quot;:&quot;sse_first_token&quot;,&quot;caseId&quot;:&quot;case_321&quot;,&quot;firstSseTokenMs&quot;:86}

[Chat API v2][timing] {&quot;stage&quot;:&quot;openai_call&quot;,&quot;caseId&quot;:&quot;case_321&quot;,&quot;mode&quot;:&quot;final_report&quot;,&quot;path&quot;:&quot;labor_override_first&quot;,&quot;openAiStartMs&quot;:85,&quot;openAiMs&quot;:1,&quot;openAiFirstTokenMs&quot;:1}
[Chat API v2][flow] {&quot;stage&quot;:&quot;validation_post_stream&quot;,&quot;caseId&quot;:&quot;case_321&quot;,&quot;mode&quot;:&quot;final_report&quot;,&quot;path&quot;:&quot;labor_override_first&quot;,&quot;openAiFirstTokenMs&quot;:1,&quot;responseChars&quot;:355}
[Chat API v2][timing] {&quot;stage&quot;:&quot;validate_output&quot;,&quot;caseId&quot;:&quot;case_321&quot;,&quot;mode&quot;:&quot;final_report&quot;,&quot;path&quot;:&quot;labor_override_first&quot;,&quot;validateMs&quot;:1}
[Chat API v2][flow] {&quot;stage&quot;:&quot;validation_failed&quot;,&quot;caseId&quot;:&quot;case_321&quot;,&quot;mode&quot;:&quot;final_report&quot;,&quot;path&quot;:&quot;labor_override_first&quot;,&quot;violations&quot;:1}
[Chat API v2][flow] {&quot;stage&quot;:&quot;retry_triggered&quot;,&quot;caseId&quot;:&quot;case_321&quot;,&quot;mode&quot;:&quot;final_report&quot;,&quot;path&quot;:&quot;labor_override_retry&quot;}

[Chat API v2][timing] {&quot;stage&quot;:&quot;openai_call&quot;,&quot;caseId&quot;:&quot;case_321&quot;,&quot;mode&quot;:&quot;final_report&quot;,&quot;path&quot;:&quot;labor_override_retry&quot;,&quot;openAiStartMs&quot;:88,&quot;openAiMs&quot;:0}
[Chat API v2][timing] {&quot;stage&quot;:&quot;validate_output&quot;,&quot;caseId&quot;:&quot;case_321&quot;,&quot;mode&quot;:&quot;final_report&quot;,&quot;path&quot;:&quot;labor_override_post&quot;,&quot;validateMs&quot;:0}
[Chat API v2][flow] {&quot;stage&quot;:&quot;safe_fallback_used&quot;,&quot;caseId&quot;:&quot;case_321&quot;,&quot;mode&quot;:&quot;final_report&quot;,&quot;path&quot;:&quot;labor_override_post&quot;,&quot;reason&quot;:&quot;validation_after_retry_failed&quot;}

[Chat API v2][timing] {&quot;stage&quot;:&quot;request_total&quot;,&quot;caseId&quot;:&quot;case_321&quot;,&quot;totalMs&quot;:89,&quot;aborted&quot;:false}

            </system-out>
        </testcase>
        <testcase classname="tests/chat-labor-override-drift-guard.test.ts" name="Labor override detection + diagnostic drift guard &gt; rejects final-report drift in diagnostic mode and returns a guided diagnostic question" time="0.010007158">
            <system-out>
[Chat API v2] Input: detected=EN (heuristic-default), dialogue=EN, forcedOutput=none, Output: mode=AUTO, effective=EN, strategy=auto, includeTranslation=false, translationLanguage=none

[Chat API v2][timing] {&quot;stage&quot;:&quot;load_history&quot;,&quot;caseId&quot;:&quot;case_321&quot;,&quot;loadHistoryMs&quot;:0}

[Chat API v2] Procedure catalog: water_pump
[Chat API v2] Context engine: activeProcedureId synced to &apos;water_pump&apos;
[Chat API v2] Context Engine: intent=MAIN_DIAGNOSTIC, submode=main, stateChanged=false
[Chat API v2][timing] {&quot;stage&quot;:&quot;compose_prompt&quot;,&quot;caseId&quot;:&quot;case_321&quot;,&quot;mode&quot;:&quot;diagnostic&quot;,&quot;composePromptMs&quot;:1}

[Chat API v2][timing] {&quot;stage&quot;:&quot;sse_first_token&quot;,&quot;caseId&quot;:&quot;case_321&quot;,&quot;firstSseTokenMs&quot;:1}

[Chat API v2][timing] {&quot;stage&quot;:&quot;openai_call&quot;,&quot;caseId&quot;:&quot;case_321&quot;,&quot;mode&quot;:&quot;diagnostic&quot;,&quot;path&quot;:&quot;primary_first&quot;,&quot;openAiStartMs&quot;:1,&quot;openAiMs&quot;:0,&quot;openAiFirstTokenMs&quot;:0}
[Chat API v2][flow] {&quot;stage&quot;:&quot;validation_post_stream&quot;,&quot;caseId&quot;:&quot;case_321&quot;,&quot;mode&quot;:&quot;diagnostic&quot;,&quot;path&quot;:&quot;primary_first&quot;,&quot;openAiFirstTokenMs&quot;:0,&quot;responseChars&quot;:355}
[Chat API v2][timing] {&quot;stage&quot;:&quot;validate_output&quot;,&quot;caseId&quot;:&quot;case_321&quot;,&quot;mode&quot;:&quot;diagnostic&quot;,&quot;path&quot;:&quot;primary_first&quot;,&quot;validateMs&quot;:2}
[Chat API v2][flow] {&quot;stage&quot;:&quot;validation_failed&quot;,&quot;caseId&quot;:&quot;case_321&quot;,&quot;mode&quot;:&quot;diagnostic&quot;,&quot;path&quot;:&quot;primary_first&quot;,&quot;violations&quot;:3}
[Chat API v2][flow] {&quot;stage&quot;:&quot;retry_triggered&quot;,&quot;caseId&quot;:&quot;case_321&quot;,&quot;mode&quot;:&quot;diagnostic&quot;,&quot;path&quot;:&quot;primary_retry&quot;}

[Chat API v2][timing] {&quot;stage&quot;:&quot;openai_call&quot;,&quot;caseId&quot;:&quot;case_321&quot;,&quot;mode&quot;:&quot;diagnostic&quot;,&quot;path&quot;:&quot;primary_retry&quot;,&quot;openAiStartMs&quot;:4,&quot;openAiMs&quot;:0,&quot;openAiFirstTokenMs&quot;:0}
[Chat API v2][timing] {&quot;stage&quot;:&quot;validate_output&quot;,&quot;caseId&quot;:&quot;case_321&quot;,&quot;mode&quot;:&quot;diagnostic&quot;,&quot;path&quot;:&quot;primary_retry&quot;,&quot;validateMs&quot;:1}

[Chat API v2][timing] {&quot;stage&quot;:&quot;request_total&quot;,&quot;caseId&quot;:&quot;case_321&quot;,&quot;totalMs&quot;:5,&quot;aborted&quot;:false}

            </system-out>
            <system-err>
[ModeValidator] Violations (case=case_321, mode=diagnostic): [
  [32m&apos;DIAGNOSTIC_DRIFT: Output looks like a final report while in diagnostic mode. Diagnostic mode must ask questions, not generate reports.&apos;[39m,
  [32m&apos;DIAGNOSTIC_QUESTION: Output does not contain a question&apos;[39m,
  [32m&apos;DIAGNOSTIC_MODE_GUARD: Diagnostic mode output must not use final report section format&apos;[39m
]

            </system-err>
        </testcase>
    </testsuite>
    <testsuite name="tests/chat-route.test.ts" timestamp="2026-03-18T23:24:09.498Z" hostname="agent-env-1cb0b3e9-d306-43ff-a0c9-322439ab1ebc" tests="9" failures="0" errors="0" skipped="0" time="2.802531534">
        <testcase classname="tests/chat-route.test.ts" name="Chat API Route &gt; POST /api/chat &gt; should return 500 when OPENAI_API_KEY is missing" time="2.307680435">
        </testcase>
        <testcase classname="tests/chat-route.test.ts" name="Chat API Route &gt; POST /api/chat &gt; should return 400 when message is missing" time="0.000999855">
        </testcase>
        <testcase classname="tests/chat-route.test.ts" name="Chat API Route &gt; POST /api/chat &gt; should process chat with mocked OpenAI response" time="0.281428474">
            <system-out>
[Chat API v2] Input: detected=EN (heuristic-default), dialogue=EN, forcedOutput=none, Output: mode=AUTO, effective=EN, strategy=auto, includeTranslation=false, translationLanguage=none

[Chat API v2][timing] {&quot;stage&quot;:&quot;load_history&quot;,&quot;caseId&quot;:&quot;case_123&quot;,&quot;loadHistoryMs&quot;:0}

[ContextEngine] Intent: Diagnostic response
[Chat API v2] Context Engine: intent=MAIN_DIAGNOSTIC, submode=main, stateChanged=false
[Chat API v2][timing] {&quot;stage&quot;:&quot;compose_prompt&quot;,&quot;caseId&quot;:&quot;case_123&quot;,&quot;mode&quot;:&quot;diagnostic&quot;,&quot;composePromptMs&quot;:0}

[Chat API v2][timing] {&quot;stage&quot;:&quot;sse_first_token&quot;,&quot;caseId&quot;:&quot;case_123&quot;,&quot;firstSseTokenMs&quot;:109}

[Chat API v2][timing] {&quot;stage&quot;:&quot;openai_call&quot;,&quot;caseId&quot;:&quot;case_123&quot;,&quot;mode&quot;:&quot;diagnostic&quot;,&quot;path&quot;:&quot;primary_first&quot;,&quot;openAiStartMs&quot;:104,&quot;openAiMs&quot;:5,&quot;openAiFirstTokenMs&quot;:5}
[Chat API v2][flow] {&quot;stage&quot;:&quot;validation_post_stream&quot;,&quot;caseId&quot;:&quot;case_123&quot;,&quot;mode&quot;:&quot;diagnostic&quot;,&quot;path&quot;:&quot;primary_first&quot;,&quot;openAiFirstTokenMs&quot;:5,&quot;responseChars&quot;:8}
[Chat API v2][timing] {&quot;stage&quot;:&quot;validate_output&quot;,&quot;caseId&quot;:&quot;case_123&quot;,&quot;mode&quot;:&quot;diagnostic&quot;,&quot;path&quot;:&quot;primary_first&quot;,&quot;validateMs&quot;:2}
[Chat API v2][flow] {&quot;stage&quot;:&quot;validation_failed&quot;,&quot;caseId&quot;:&quot;case_123&quot;,&quot;mode&quot;:&quot;diagnostic&quot;,&quot;path&quot;:&quot;primary_first&quot;,&quot;violations&quot;:1}
[Chat API v2][flow] {&quot;stage&quot;:&quot;retry_triggered&quot;,&quot;caseId&quot;:&quot;case_123&quot;,&quot;mode&quot;:&quot;diagnostic&quot;,&quot;path&quot;:&quot;primary_retry&quot;}

[Chat API v2][timing] {&quot;stage&quot;:&quot;openai_call&quot;,&quot;caseId&quot;:&quot;case_123&quot;,&quot;mode&quot;:&quot;diagnostic&quot;,&quot;path&quot;:&quot;primary_retry&quot;,&quot;openAiStartMs&quot;:112,&quot;openAiMs&quot;:1}
[Chat API v2][flow] {&quot;stage&quot;:&quot;safe_fallback_used&quot;,&quot;caseId&quot;:&quot;case_123&quot;,&quot;mode&quot;:&quot;diagnostic&quot;,&quot;path&quot;:&quot;primary_retry&quot;,&quot;reason&quot;:&quot;upstream_error_on_retry&quot;}

[Chat API v2][timing] {&quot;stage&quot;:&quot;request_total&quot;,&quot;caseId&quot;:&quot;case_123&quot;,&quot;totalMs&quot;:114,&quot;aborted&quot;:false}

            </system-out>
            <system-err>
[ModeValidator] Violations (case=case_123, mode=diagnostic): [ [32m&apos;DIAGNOSTIC_QUESTION: Output does not contain a question&apos;[39m ]

            </system-err>
        </testcase>
        <testcase classname="tests/chat-route.test.ts" name="Chat API Route &gt; POST /api/chat &gt; should handle session-only image attachments" time="0.102035139">
            <system-out>
[Chat API v2] Attachments: count=1, totalBytes=9

[Chat API v2] Input: detected=EN (heuristic-default), dialogue=EN, forcedOutput=none, Output: mode=AUTO, effective=EN, strategy=auto, includeTranslation=false, translationLanguage=none

[Chat API v2][timing] {&quot;stage&quot;:&quot;load_history&quot;,&quot;caseId&quot;:&quot;case_123&quot;,&quot;loadHistoryMs&quot;:0}

[ContextEngine] Intent: Diagnostic response
[Chat API v2] Context Engine: intent=MAIN_DIAGNOSTIC, submode=main, stateChanged=false
[Chat API v2][timing] {&quot;stage&quot;:&quot;compose_prompt&quot;,&quot;caseId&quot;:&quot;case_123&quot;,&quot;mode&quot;:&quot;diagnostic&quot;,&quot;composePromptMs&quot;:0}

[Chat API v2][timing] {&quot;stage&quot;:&quot;sse_first_token&quot;,&quot;caseId&quot;:&quot;case_123&quot;,&quot;firstSseTokenMs&quot;:99}

[Chat API v2][timing] {&quot;stage&quot;:&quot;openai_call&quot;,&quot;caseId&quot;:&quot;case_123&quot;,&quot;mode&quot;:&quot;diagnostic&quot;,&quot;path&quot;:&quot;primary_first&quot;,&quot;openAiStartMs&quot;:16,&quot;openAiMs&quot;:83,&quot;openAiFirstTokenMs&quot;:83}
[Chat API v2][flow] {&quot;stage&quot;:&quot;validation_post_stream&quot;,&quot;caseId&quot;:&quot;case_123&quot;,&quot;mode&quot;:&quot;diagnostic&quot;,&quot;path&quot;:&quot;primary_first&quot;,&quot;openAiFirstTokenMs&quot;:83,&quot;responseChars&quot;:8}
[Chat API v2][timing] {&quot;stage&quot;:&quot;validate_output&quot;,&quot;caseId&quot;:&quot;case_123&quot;,&quot;mode&quot;:&quot;diagnostic&quot;,&quot;path&quot;:&quot;primary_first&quot;,&quot;validateMs&quot;:1}
[Chat API v2][flow] {&quot;stage&quot;:&quot;validation_failed&quot;,&quot;caseId&quot;:&quot;case_123&quot;,&quot;mode&quot;:&quot;diagnostic&quot;,&quot;path&quot;:&quot;primary_first&quot;,&quot;violations&quot;:1}
[Chat API v2][flow] {&quot;stage&quot;:&quot;retry_triggered&quot;,&quot;caseId&quot;:&quot;case_123&quot;,&quot;mode&quot;:&quot;diagnostic&quot;,&quot;path&quot;:&quot;primary_retry&quot;}

[Chat API v2][timing] {&quot;stage&quot;:&quot;openai_call&quot;,&quot;caseId&quot;:&quot;case_123&quot;,&quot;mode&quot;:&quot;diagnostic&quot;,&quot;path&quot;:&quot;primary_retry&quot;,&quot;openAiStartMs&quot;:100,&quot;openAiMs&quot;:1}
[Chat API v2][flow] {&quot;stage&quot;:&quot;safe_fallback_used&quot;,&quot;caseId&quot;:&quot;case_123&quot;,&quot;mode&quot;:&quot;diagnostic&quot;,&quot;path&quot;:&quot;primary_retry&quot;,&quot;reason&quot;:&quot;upstream_error_on_retry&quot;}

[Chat API v2][timing] {&quot;stage&quot;:&quot;request_total&quot;,&quot;caseId&quot;:&quot;case_123&quot;,&quot;totalMs&quot;:101,&quot;aborted&quot;:false}

            </system-out>
            <system-err>
[ModeValidator] Violations (case=case_123, mode=diagnostic): [ [32m&apos;DIAGNOSTIC_QUESTION: Output does not contain a question&apos;[39m ]

            </system-err>
        </testcase>
        <testcase classname="tests/chat-route.test.ts" name="Chat API Route &gt; POST /api/chat &gt; should detect Spanish RV diagnostic input and keep diagnostic dialogue in Spanish" time="0.007605223">
            <system-out>
[Chat API v2] Input: detected=ES (heuristic-spanish-rv-keywords), dialogue=ES, forcedOutput=none, Output: mode=AUTO, effective=ES, strategy=auto, includeTranslation=true, translationLanguage=ES

[Chat API v2][timing] {&quot;stage&quot;:&quot;load_history&quot;,&quot;caseId&quot;:&quot;case_es_1&quot;,&quot;loadHistoryMs&quot;:1}

[Chat API v2] Procedure catalog: water_pump
[Chat API v2] Context engine: activeProcedureId synced to &apos;water_pump&apos;
[ContextEngine] Intent: Diagnostic response
[Chat API v2] Context Engine: intent=MAIN_DIAGNOSTIC, submode=main, stateChanged=true
[Chat API v2] Context Engine notices: Active step initialized: wp_1
[Chat API v2] Active step: wp_1 (0/5)
[Chat API v2][timing] {&quot;stage&quot;:&quot;compose_prompt&quot;,&quot;caseId&quot;:&quot;case_es_1&quot;,&quot;mode&quot;:&quot;diagnostic&quot;,&quot;composePromptMs&quot;:0}

[Chat API v2][timing] {&quot;stage&quot;:&quot;sse_first_token&quot;,&quot;caseId&quot;:&quot;case_es_1&quot;,&quot;firstSseTokenMs&quot;:2}

[Chat API v2][timing] {&quot;stage&quot;:&quot;openai_call&quot;,&quot;caseId&quot;:&quot;case_es_1&quot;,&quot;mode&quot;:&quot;diagnostic&quot;,&quot;path&quot;:&quot;primary_first&quot;,&quot;openAiStartMs&quot;:2,&quot;openAiMs&quot;:0,&quot;openAiFirstTokenMs&quot;:0}
[Chat API v2][flow] {&quot;stage&quot;:&quot;validation_post_stream&quot;,&quot;caseId&quot;:&quot;case_es_1&quot;,&quot;mode&quot;:&quot;diagnostic&quot;,&quot;path&quot;:&quot;primary_first&quot;,&quot;openAiFirstTokenMs&quot;:0,&quot;responseChars&quot;:38}
[Chat API v2][timing] {&quot;stage&quot;:&quot;validate_output&quot;,&quot;caseId&quot;:&quot;case_es_1&quot;,&quot;mode&quot;:&quot;diagnostic&quot;,&quot;path&quot;:&quot;primary_first&quot;,&quot;validateMs&quot;:3}
[Chat API v2][flow] {&quot;stage&quot;:&quot;validation_failed&quot;,&quot;caseId&quot;:&quot;case_es_1&quot;,&quot;mode&quot;:&quot;diagnostic&quot;,&quot;path&quot;:&quot;primary_first&quot;,&quot;violations&quot;:1}
[Chat API v2][flow] {&quot;stage&quot;:&quot;retry_triggered&quot;,&quot;caseId&quot;:&quot;case_es_1&quot;,&quot;mode&quot;:&quot;diagnostic&quot;,&quot;path&quot;:&quot;primary_retry&quot;}

[Chat API v2][timing] {&quot;stage&quot;:&quot;openai_call&quot;,&quot;caseId&quot;:&quot;case_es_1&quot;,&quot;mode&quot;:&quot;diagnostic&quot;,&quot;path&quot;:&quot;primary_retry&quot;,&quot;openAiStartMs&quot;:5,&quot;openAiMs&quot;:0}
[Chat API v2][flow] {&quot;stage&quot;:&quot;safe_fallback_used&quot;,&quot;caseId&quot;:&quot;case_es_1&quot;,&quot;mode&quot;:&quot;diagnostic&quot;,&quot;path&quot;:&quot;primary_retry&quot;,&quot;reason&quot;:&quot;upstream_error_on_retry&quot;}

[Chat API v2][timing] {&quot;stage&quot;:&quot;request_total&quot;,&quot;caseId&quot;:&quot;case_es_1&quot;,&quot;totalMs&quot;:6,&quot;aborted&quot;:false}

            </system-out>
            <system-err>
[ModeValidator] Violations (case=case_es_1, mode=diagnostic): [
  [32m&apos;STEP_COMPLIANCE: Response does not match active step wp_1. Expected question about: pump, attempt, run, faucet, opened&apos;[39m
]

            </system-err>
        </testcase>
        <testcase classname="tests/chat-route.test.ts" name="Chat API Route &gt; POST /api/chat &gt; should keep existing Spanish dialogue language on short acknowledgment" time="0.005032313">
            <system-out>
[Chat API v2] Input: detected=EN (heuristic-default), dialogue=ES, forcedOutput=none, Output: mode=AUTO, effective=ES, strategy=auto, includeTranslation=true, translationLanguage=ES

[Chat API v2][timing] {&quot;stage&quot;:&quot;load_history&quot;,&quot;caseId&quot;:&quot;case_es_existing&quot;,&quot;loadHistoryMs&quot;:0}

[ContextEngine] Intent: Diagnostic response
[Chat API v2] Context Engine: intent=MAIN_DIAGNOSTIC, submode=main, stateChanged=false
[Chat API v2][timing] {&quot;stage&quot;:&quot;compose_prompt&quot;,&quot;caseId&quot;:&quot;case_es_existing&quot;,&quot;mode&quot;:&quot;diagnostic&quot;,&quot;composePromptMs&quot;:0}

[Chat API v2][timing] {&quot;stage&quot;:&quot;sse_first_token&quot;,&quot;caseId&quot;:&quot;case_es_existing&quot;,&quot;firstSseTokenMs&quot;:2}

[Chat API v2][timing] {&quot;stage&quot;:&quot;openai_call&quot;,&quot;caseId&quot;:&quot;case_es_existing&quot;,&quot;mode&quot;:&quot;diagnostic&quot;,&quot;path&quot;:&quot;primary_first&quot;,&quot;openAiStartMs&quot;:1,&quot;openAiMs&quot;:1,&quot;openAiFirstTokenMs&quot;:1}
[Chat API v2][flow] {&quot;stage&quot;:&quot;validation_post_stream&quot;,&quot;caseId&quot;:&quot;case_es_existing&quot;,&quot;mode&quot;:&quot;diagnostic&quot;,&quot;path&quot;:&quot;primary_first&quot;,&quot;openAiFirstTokenMs&quot;:1,&quot;responseChars&quot;:54}
[Chat API v2][timing] {&quot;stage&quot;:&quot;validate_output&quot;,&quot;caseId&quot;:&quot;case_es_existing&quot;,&quot;mode&quot;:&quot;diagnostic&quot;,&quot;path&quot;:&quot;primary_first&quot;,&quot;validateMs&quot;:0}

[Chat API v2][timing] {&quot;stage&quot;:&quot;request_total&quot;,&quot;caseId&quot;:&quot;case_es_existing&quot;,&quot;totalMs&quot;:2,&quot;aborted&quot;:false}

            </system-out>
        </testcase>
        <testcase classname="tests/chat-route.test.ts" name="Chat API Route &gt; POST /api/chat &gt; should force Spanish output when message explicitly requests Spanish" time="0.002168823">
            <system-out>
[Chat API v2] Input: detected=ES (explicit-spanish-request), dialogue=ES, forcedOutput=ES, Output: mode=ES, effective=ES, strategy=forced, includeTranslation=true, translationLanguage=ES

[Chat API v2][timing] {&quot;stage&quot;:&quot;load_history&quot;,&quot;caseId&quot;:&quot;case_es_2&quot;,&quot;loadHistoryMs&quot;:0}

[ContextEngine] Intent: Diagnostic response
[Chat API v2] Context Engine: intent=MAIN_DIAGNOSTIC, submode=main, stateChanged=false
[Chat API v2][timing] {&quot;stage&quot;:&quot;compose_prompt&quot;,&quot;caseId&quot;:&quot;case_es_2&quot;,&quot;mode&quot;:&quot;diagnostic&quot;,&quot;composePromptMs&quot;:0}

[Chat API v2][timing] {&quot;stage&quot;:&quot;sse_first_token&quot;,&quot;caseId&quot;:&quot;case_es_2&quot;,&quot;firstSseTokenMs&quot;:1}

[Chat API v2][timing] {&quot;stage&quot;:&quot;openai_call&quot;,&quot;caseId&quot;:&quot;case_es_2&quot;,&quot;mode&quot;:&quot;diagnostic&quot;,&quot;path&quot;:&quot;primary_first&quot;,&quot;openAiStartMs&quot;:1,&quot;openAiMs&quot;:0,&quot;openAiFirstTokenMs&quot;:0}
[Chat API v2][flow] {&quot;stage&quot;:&quot;validation_post_stream&quot;,&quot;caseId&quot;:&quot;case_es_2&quot;,&quot;mode&quot;:&quot;diagnostic&quot;,&quot;path&quot;:&quot;primary_first&quot;,&quot;openAiFirstTokenMs&quot;:0,&quot;responseChars&quot;:31}
[Chat API v2][timing] {&quot;stage&quot;:&quot;validate_output&quot;,&quot;caseId&quot;:&quot;case_es_2&quot;,&quot;mode&quot;:&quot;diagnostic&quot;,&quot;path&quot;:&quot;primary_first&quot;,&quot;validateMs&quot;:0}

[Chat API v2][timing] {&quot;stage&quot;:&quot;request_total&quot;,&quot;caseId&quot;:&quot;case_es_2&quot;,&quot;totalMs&quot;:2,&quot;aborted&quot;:false}

            </system-out>
        </testcase>
        <testcase classname="tests/chat-route.test.ts" name="Chat API Route &gt; POST /api/chat &gt; should force Russian output when message explicitly requests Russian" time="0.090686316">
            <system-out>
[Chat API v2] Input: detected=RU (explicit-russian-request), dialogue=RU, forcedOutput=RU, Output: mode=RU, effective=RU, strategy=forced, includeTranslation=true, translationLanguage=RU

[Chat API v2][timing] {&quot;stage&quot;:&quot;load_history&quot;,&quot;caseId&quot;:&quot;case_ru_1&quot;,&quot;loadHistoryMs&quot;:81}

[ContextEngine] Intent: Diagnostic response
[Chat API v2] Context Engine: intent=MAIN_DIAGNOSTIC, submode=main, stateChanged=false
[Chat API v2][timing] {&quot;stage&quot;:&quot;compose_prompt&quot;,&quot;caseId&quot;:&quot;case_ru_1&quot;,&quot;mode&quot;:&quot;diagnostic&quot;,&quot;composePromptMs&quot;:0}

[Chat API v2][timing] {&quot;stage&quot;:&quot;sse_first_token&quot;,&quot;caseId&quot;:&quot;case_ru_1&quot;,&quot;firstSseTokenMs&quot;:87}

[Chat API v2][timing] {&quot;stage&quot;:&quot;openai_call&quot;,&quot;caseId&quot;:&quot;case_ru_1&quot;,&quot;mode&quot;:&quot;diagnostic&quot;,&quot;path&quot;:&quot;primary_first&quot;,&quot;openAiStartMs&quot;:87,&quot;openAiMs&quot;:0,&quot;openAiFirstTokenMs&quot;:0}
[Chat API v2][flow] {&quot;stage&quot;:&quot;validation_post_stream&quot;,&quot;caseId&quot;:&quot;case_ru_1&quot;,&quot;mode&quot;:&quot;diagnostic&quot;,&quot;path&quot;:&quot;primary_first&quot;,&quot;openAiFirstTokenMs&quot;:0,&quot;responseChars&quot;:35}
[Chat API v2][timing] {&quot;stage&quot;:&quot;validate_output&quot;,&quot;caseId&quot;:&quot;case_ru_1&quot;,&quot;mode&quot;:&quot;diagnostic&quot;,&quot;path&quot;:&quot;primary_first&quot;,&quot;validateMs&quot;:3}

[Chat API v2][timing] {&quot;stage&quot;:&quot;request_total&quot;,&quot;caseId&quot;:&quot;case_ru_1&quot;,&quot;totalMs&quot;:90,&quot;aborted&quot;:false}

            </system-out>
        </testcase>
        <testcase classname="tests/chat-route.test.ts" name="Chat API Route &gt; POST /api/chat &gt; should force English output when message explicitly requests English" time="0.00289146">
            <system-out>
[Chat API v2] Input: detected=EN (explicit-english-request), dialogue=EN, forcedOutput=EN, Output: mode=EN, effective=EN, strategy=forced, includeTranslation=false, translationLanguage=none

[Chat API v2][timing] {&quot;stage&quot;:&quot;load_history&quot;,&quot;caseId&quot;:&quot;case_en_1&quot;,&quot;loadHistoryMs&quot;:0}

[ContextEngine] Intent: Diagnostic response
[Chat API v2] Context Engine: intent=MAIN_DIAGNOSTIC, submode=main, stateChanged=false
[Chat API v2][timing] {&quot;stage&quot;:&quot;compose_prompt&quot;,&quot;caseId&quot;:&quot;case_en_1&quot;,&quot;mode&quot;:&quot;diagnostic&quot;,&quot;composePromptMs&quot;:0}

[Chat API v2][timing] {&quot;stage&quot;:&quot;sse_first_token&quot;,&quot;caseId&quot;:&quot;case_en_1&quot;,&quot;firstSseTokenMs&quot;:1}

[Chat API v2][timing] {&quot;stage&quot;:&quot;openai_call&quot;,&quot;caseId&quot;:&quot;case_en_1&quot;,&quot;mode&quot;:&quot;diagnostic&quot;,&quot;path&quot;:&quot;primary_first&quot;,&quot;openAiStartMs&quot;:1,&quot;openAiMs&quot;:0,&quot;openAiFirstTokenMs&quot;:0}
[Chat API v2][flow] {&quot;stage&quot;:&quot;validation_post_stream&quot;,&quot;caseId&quot;:&quot;case_en_1&quot;,&quot;mode&quot;:&quot;diagnostic&quot;,&quot;path&quot;:&quot;primary_first&quot;,&quot;openAiFirstTokenMs&quot;:0,&quot;responseChars&quot;:52}
[Chat API v2][timing] {&quot;stage&quot;:&quot;validate_output&quot;,&quot;caseId&quot;:&quot;case_en_1&quot;,&quot;mode&quot;:&quot;diagnostic&quot;,&quot;path&quot;:&quot;primary_first&quot;,&quot;validateMs&quot;:0}

[Chat API v2][timing] {&quot;stage&quot;:&quot;request_total&quot;,&quot;caseId&quot;:&quot;case_en_1&quot;,&quot;totalMs&quot;:1,&quot;aborted&quot;:false}

            </system-out>
        </testcase>
    </testsuite>
    <testsuite name="tests/chat-transition-final-report.test.ts" timestamp="2026-03-18T23:24:09.500Z" hostname="agent-env-1cb0b3e9-d306-43ff-a0c9-322439ab1ebc" tests="6" failures="0" errors="0" skipped="0" time="2.962396094">
        <testcase classname="tests/chat-transition-final-report.test.ts" name="Explicit-only mode transitions (no auto-transition) &gt; does NOT auto-transition when LLM outputs transition signal (signal is ignored)" time="2.570080212">
            <system-out>
[Chat API v2] Input: detected=EN (heuristic-default), dialogue=EN, forcedOutput=none, Output: mode=AUTO, effective=EN, strategy=auto, includeTranslation=false, translationLanguage=none

[Chat API v2][timing] {&quot;stage&quot;:&quot;load_history&quot;,&quot;caseId&quot;:&quot;case_123&quot;,&quot;loadHistoryMs&quot;:0}

[Chat API v2] Procedure catalog: water_pump
[Chat API v2] Context engine: activeProcedureId synced to &apos;water_pump&apos;
[Chat API v2] Context Engine: intent=MAIN_DIAGNOSTIC, submode=main, stateChanged=false
[Chat API v2][timing] {&quot;stage&quot;:&quot;compose_prompt&quot;,&quot;caseId&quot;:&quot;case_123&quot;,&quot;mode&quot;:&quot;diagnostic&quot;,&quot;composePromptMs&quot;:0}

[Chat API v2][timing] {&quot;stage&quot;:&quot;sse_first_token&quot;,&quot;caseId&quot;:&quot;case_123&quot;,&quot;firstSseTokenMs&quot;:94}

[Chat API v2][timing] {&quot;stage&quot;:&quot;openai_call&quot;,&quot;caseId&quot;:&quot;case_123&quot;,&quot;mode&quot;:&quot;diagnostic&quot;,&quot;path&quot;:&quot;primary_first&quot;,&quot;openAiStartMs&quot;:93,&quot;openAiMs&quot;:1,&quot;openAiFirstTokenMs&quot;:1}
[Chat API v2][flow] {&quot;stage&quot;:&quot;validation_post_stream&quot;,&quot;caseId&quot;:&quot;case_123&quot;,&quot;mode&quot;:&quot;diagnostic&quot;,&quot;path&quot;:&quot;primary_first&quot;,&quot;openAiFirstTokenMs&quot;:1,&quot;responseChars&quot;:86}
[Chat API v2][timing] {&quot;stage&quot;:&quot;validate_output&quot;,&quot;caseId&quot;:&quot;case_123&quot;,&quot;mode&quot;:&quot;diagnostic&quot;,&quot;path&quot;:&quot;primary_first&quot;,&quot;validateMs&quot;:2}
[Chat API v2][flow] {&quot;stage&quot;:&quot;validation_failed&quot;,&quot;caseId&quot;:&quot;case_123&quot;,&quot;mode&quot;:&quot;diagnostic&quot;,&quot;path&quot;:&quot;primary_first&quot;,&quot;violations&quot;:3}
[Chat API v2][flow] {&quot;stage&quot;:&quot;retry_triggered&quot;,&quot;caseId&quot;:&quot;case_123&quot;,&quot;mode&quot;:&quot;diagnostic&quot;,&quot;path&quot;:&quot;primary_retry&quot;}

[Chat API v2][timing] {&quot;stage&quot;:&quot;openai_call&quot;,&quot;caseId&quot;:&quot;case_123&quot;,&quot;mode&quot;:&quot;diagnostic&quot;,&quot;path&quot;:&quot;primary_retry&quot;,&quot;openAiStartMs&quot;:96,&quot;openAiMs&quot;:1}
[Chat API v2][flow] {&quot;stage&quot;:&quot;safe_fallback_used&quot;,&quot;caseId&quot;:&quot;case_123&quot;,&quot;mode&quot;:&quot;diagnostic&quot;,&quot;path&quot;:&quot;primary_retry&quot;,&quot;reason&quot;:&quot;upstream_error_on_retry&quot;}

[Chat API v2][timing] {&quot;stage&quot;:&quot;request_total&quot;,&quot;caseId&quot;:&quot;case_123&quot;,&quot;totalMs&quot;:183,&quot;aborted&quot;:false}

            </system-out>
            <system-err>
[ModeValidator] Violations (case=case_123, mode=diagnostic): [
  [32m&apos;ISOLATION_DECLARATION_BLOCKED: LLM cannot declare isolation complete. Only the technician can trigger final report via explicit command.&apos;[39m,
  [32m&apos;TRANSITION_MARKER_BLOCKED: Transition markers are not allowed. Mode transitions require explicit user command.&apos;[39m,
  [32m&apos;DIAGNOSTIC_QUESTION: Output does not contain a question&apos;[39m
]

            </system-err>
        </testcase>
        <testcase classname="tests/chat-transition-final-report.test.ts" name="Explicit-only mode transitions (no auto-transition) &gt; does NOT auto-transition when context engine marks isolation complete (pivot ignored)" time="0.00606687">
            <system-out>
[Chat API v2] Input: detected=EN (heuristic-default), dialogue=EN, forcedOutput=none, Output: mode=AUTO, effective=EN, strategy=auto, includeTranslation=false, translationLanguage=none

[Chat API v2][timing] {&quot;stage&quot;:&quot;load_history&quot;,&quot;caseId&quot;:&quot;case_123&quot;,&quot;loadHistoryMs&quot;:0}

[Chat API v2] Procedure catalog: water_pump
[Chat API v2] Context engine: activeProcedureId synced to &apos;water_pump&apos;
[Chat API v2] Context Engine: intent=MAIN_DIAGNOSTIC, submode=main, stateChanged=true
[Chat API v2] Context Engine isolation state: &quot;Pump non-responsive under direct 12V&quot; (no auto-transition — explicit command required)
[Chat API v2] Completion offer directive injected
[Chat API v2] P1.7 TERMINAL ENFORCEMENT: clearing activeStepId=wp_4 (phase=terminal)
[Chat API v2][timing] {&quot;stage&quot;:&quot;compose_prompt&quot;,&quot;caseId&quot;:&quot;case_123&quot;,&quot;mode&quot;:&quot;diagnostic&quot;,&quot;composePromptMs&quot;:0}

[Chat API v2][timing] {&quot;stage&quot;:&quot;sse_first_token&quot;,&quot;caseId&quot;:&quot;case_123&quot;,&quot;firstSseTokenMs&quot;:1}

[Chat API v2][timing] {&quot;stage&quot;:&quot;openai_call&quot;,&quot;caseId&quot;:&quot;case_123&quot;,&quot;mode&quot;:&quot;diagnostic&quot;,&quot;path&quot;:&quot;primary_first&quot;,&quot;openAiStartMs&quot;:1,&quot;openAiMs&quot;:0,&quot;openAiFirstTokenMs&quot;:0}
[Chat API v2][flow] {&quot;stage&quot;:&quot;validation_post_stream&quot;,&quot;caseId&quot;:&quot;case_123&quot;,&quot;mode&quot;:&quot;diagnostic&quot;,&quot;path&quot;:&quot;primary_first&quot;,&quot;openAiFirstTokenMs&quot;:0,&quot;responseChars&quot;:67}
[Chat API v2][timing] {&quot;stage&quot;:&quot;validate_output&quot;,&quot;caseId&quot;:&quot;case_123&quot;,&quot;mode&quot;:&quot;diagnostic&quot;,&quot;path&quot;:&quot;primary_first&quot;,&quot;validateMs&quot;:1}

[Chat API v2][timing] {&quot;stage&quot;:&quot;request_total&quot;,&quot;caseId&quot;:&quot;case_123&quot;,&quot;totalMs&quot;:2,&quot;aborted&quot;:false}

            </system-out>
        </testcase>
        <testcase classname="tests/chat-transition-final-report.test.ts" name="Explicit-only mode transitions (no auto-transition) &gt; transitions ONLY via explicit command (START FINAL REPORT)" time="0.085977648">
            <system-out>
[Chat API v2] Input: detected=EN (heuristic-default), dialogue=EN, forcedOutput=none, Output: mode=AUTO, effective=EN, strategy=auto, includeTranslation=false, translationLanguage=none

[Chat API v2] Mode transition: diagnostic → final_report (explicit command)

[Chat API v2][timing] {&quot;stage&quot;:&quot;load_history&quot;,&quot;caseId&quot;:&quot;case_123&quot;,&quot;loadHistoryMs&quot;:0}

[Chat API v2][timing] {&quot;stage&quot;:&quot;compose_prompt&quot;,&quot;caseId&quot;:&quot;case_123&quot;,&quot;mode&quot;:&quot;final_report&quot;,&quot;composePromptMs&quot;:0}

[Chat API v2][timing] {&quot;stage&quot;:&quot;sse_first_token&quot;,&quot;caseId&quot;:&quot;case_123&quot;,&quot;firstSseTokenMs&quot;:1}

[Chat API v2][timing] {&quot;stage&quot;:&quot;openai_call&quot;,&quot;caseId&quot;:&quot;case_123&quot;,&quot;mode&quot;:&quot;final_report&quot;,&quot;path&quot;:&quot;primary_first&quot;,&quot;openAiStartMs&quot;:1,&quot;openAiMs&quot;:0,&quot;openAiFirstTokenMs&quot;:0}
[Chat API v2][flow] {&quot;stage&quot;:&quot;validation_post_stream&quot;,&quot;caseId&quot;:&quot;case_123&quot;,&quot;mode&quot;:&quot;final_report&quot;,&quot;path&quot;:&quot;primary_first&quot;,&quot;openAiFirstTokenMs&quot;:0,&quot;responseChars&quot;:408}
[Chat API v2][timing] {&quot;stage&quot;:&quot;validate_output&quot;,&quot;caseId&quot;:&quot;case_123&quot;,&quot;mode&quot;:&quot;final_report&quot;,&quot;path&quot;:&quot;primary_first&quot;,&quot;validateMs&quot;:1}

[Chat API v2][timing] {&quot;stage&quot;:&quot;request_total&quot;,&quot;caseId&quot;:&quot;case_123&quot;,&quot;totalMs&quot;:2,&quot;aborted&quot;:false}

            </system-out>
        </testcase>
        <testcase classname="tests/chat-transition-final-report.test.ts" name="Chat final_report labor override (explicit mode only) &gt; keeps mode in final_report and regenerates report with canonical labor total" time="0.114535477">
            <system-out>
[Chat API v2] Input: detected=EN (heuristic-default), dialogue=EN, forcedOutput=none, Output: mode=AUTO, effective=EN, strategy=auto, includeTranslation=false, translationLanguage=none

[Chat API v2][timing] {&quot;stage&quot;:&quot;load_history&quot;,&quot;caseId&quot;:&quot;case_123&quot;,&quot;loadHistoryMs&quot;:0}

[Chat API v2][timing] {&quot;stage&quot;:&quot;compose_prompt&quot;,&quot;caseId&quot;:&quot;case_123&quot;,&quot;mode&quot;:&quot;final_report&quot;,&quot;composePromptMs&quot;:0}
[Chat API v2] Final report labor override requested: total=2.5 hr
[Chat API v2][timing] {&quot;stage&quot;:&quot;compose_prompt&quot;,&quot;caseId&quot;:&quot;case_123&quot;,&quot;mode&quot;:&quot;final_report&quot;,&quot;path&quot;:&quot;labor_override&quot;,&quot;composePromptMs&quot;:1}

[Chat API v2][timing] {&quot;stage&quot;:&quot;sse_first_token&quot;,&quot;caseId&quot;:&quot;case_123&quot;,&quot;firstSseTokenMs&quot;:4}

[Chat API v2][timing] {&quot;stage&quot;:&quot;openai_call&quot;,&quot;caseId&quot;:&quot;case_123&quot;,&quot;mode&quot;:&quot;final_report&quot;,&quot;path&quot;:&quot;labor_override_first&quot;,&quot;openAiStartMs&quot;:4,&quot;openAiMs&quot;:0,&quot;openAiFirstTokenMs&quot;:0}
[Chat API v2][flow] {&quot;stage&quot;:&quot;validation_post_stream&quot;,&quot;caseId&quot;:&quot;case_123&quot;,&quot;mode&quot;:&quot;final_report&quot;,&quot;path&quot;:&quot;labor_override_first&quot;,&quot;openAiFirstTokenMs&quot;:0,&quot;responseChars&quot;:408}
[Chat API v2][timing] {&quot;stage&quot;:&quot;validate_output&quot;,&quot;caseId&quot;:&quot;case_123&quot;,&quot;mode&quot;:&quot;final_report&quot;,&quot;path&quot;:&quot;labor_override_first&quot;,&quot;validateMs&quot;:1}
[Chat API v2][flow] {&quot;stage&quot;:&quot;validation_failed&quot;,&quot;caseId&quot;:&quot;case_123&quot;,&quot;mode&quot;:&quot;final_report&quot;,&quot;path&quot;:&quot;labor_override_first&quot;,&quot;violations&quot;:1}
[Chat API v2][flow] {&quot;stage&quot;:&quot;retry_triggered&quot;,&quot;caseId&quot;:&quot;case_123&quot;,&quot;mode&quot;:&quot;final_report&quot;,&quot;path&quot;:&quot;labor_override_retry&quot;}

[Chat API v2][timing] {&quot;stage&quot;:&quot;openai_call&quot;,&quot;caseId&quot;:&quot;case_123&quot;,&quot;mode&quot;:&quot;final_report&quot;,&quot;path&quot;:&quot;labor_override_retry&quot;,&quot;openAiStartMs&quot;:5,&quot;openAiMs&quot;:0}
[Chat API v2][timing] {&quot;stage&quot;:&quot;validate_output&quot;,&quot;caseId&quot;:&quot;case_123&quot;,&quot;mode&quot;:&quot;final_report&quot;,&quot;path&quot;:&quot;labor_override_post&quot;,&quot;validateMs&quot;:1}
[Chat API v2][flow] {&quot;stage&quot;:&quot;safe_fallback_used&quot;,&quot;caseId&quot;:&quot;case_123&quot;,&quot;mode&quot;:&quot;final_report&quot;,&quot;path&quot;:&quot;labor_override_post&quot;,&quot;reason&quot;:&quot;validation_after_retry_failed&quot;}

[Chat API v2][timing] {&quot;stage&quot;:&quot;request_total&quot;,&quot;caseId&quot;:&quot;case_123&quot;,&quot;totalMs&quot;:6,&quot;aborted&quot;:false}

            </system-out>
        </testcase>
        <testcase classname="tests/chat-transition-final-report.test.ts" name="Chat final_report labor override (explicit mode only) &gt; parses Russian override request and normalizes total to one decimal" time="0.087585111">
            <system-out>
[Chat API v2] Input: detected=RU (heuristic-cyrillic), dialogue=RU, forcedOutput=none, Output: mode=AUTO, effective=RU, strategy=auto, includeTranslation=true, translationLanguage=RU

[Chat API v2][timing] {&quot;stage&quot;:&quot;load_history&quot;,&quot;caseId&quot;:&quot;case_123&quot;,&quot;loadHistoryMs&quot;:0}

[Chat API v2][timing] {&quot;stage&quot;:&quot;compose_prompt&quot;,&quot;caseId&quot;:&quot;case_123&quot;,&quot;mode&quot;:&quot;final_report&quot;,&quot;composePromptMs&quot;:0}
[Chat API v2] Final report labor override requested: total=3.0 hr
[Chat API v2][timing] {&quot;stage&quot;:&quot;compose_prompt&quot;,&quot;caseId&quot;:&quot;case_123&quot;,&quot;mode&quot;:&quot;final_report&quot;,&quot;path&quot;:&quot;labor_override&quot;,&quot;composePromptMs&quot;:0}

[Chat API v2][timing] {&quot;stage&quot;:&quot;sse_first_token&quot;,&quot;caseId&quot;:&quot;case_123&quot;,&quot;firstSseTokenMs&quot;:83}

[Chat API v2][timing] {&quot;stage&quot;:&quot;openai_call&quot;,&quot;caseId&quot;:&quot;case_123&quot;,&quot;mode&quot;:&quot;final_report&quot;,&quot;path&quot;:&quot;labor_override_first&quot;,&quot;openAiStartMs&quot;:83,&quot;openAiMs&quot;:0,&quot;openAiFirstTokenMs&quot;:0}
[Chat API v2][flow] {&quot;stage&quot;:&quot;validation_post_stream&quot;,&quot;caseId&quot;:&quot;case_123&quot;,&quot;mode&quot;:&quot;final_report&quot;,&quot;path&quot;:&quot;labor_override_first&quot;,&quot;openAiFirstTokenMs&quot;:0,&quot;responseChars&quot;:408}
[Chat API v2][timing] {&quot;stage&quot;:&quot;validate_output&quot;,&quot;caseId&quot;:&quot;case_123&quot;,&quot;mode&quot;:&quot;final_report&quot;,&quot;path&quot;:&quot;labor_override_first&quot;,&quot;validateMs&quot;:0}
[Chat API v2][flow] {&quot;stage&quot;:&quot;validation_failed&quot;,&quot;caseId&quot;:&quot;case_123&quot;,&quot;mode&quot;:&quot;final_report&quot;,&quot;path&quot;:&quot;labor_override_first&quot;,&quot;violations&quot;:2}
[Chat API v2][flow] {&quot;stage&quot;:&quot;retry_triggered&quot;,&quot;caseId&quot;:&quot;case_123&quot;,&quot;mode&quot;:&quot;final_report&quot;,&quot;path&quot;:&quot;labor_override_retry&quot;}

[Chat API v2][timing] {&quot;stage&quot;:&quot;openai_call&quot;,&quot;caseId&quot;:&quot;case_123&quot;,&quot;mode&quot;:&quot;final_report&quot;,&quot;path&quot;:&quot;labor_override_retry&quot;,&quot;openAiStartMs&quot;:83,&quot;openAiMs&quot;:1}
[Chat API v2][timing] {&quot;stage&quot;:&quot;validate_output&quot;,&quot;caseId&quot;:&quot;case_123&quot;,&quot;mode&quot;:&quot;final_report&quot;,&quot;path&quot;:&quot;labor_override_post&quot;,&quot;validateMs&quot;:0}
[Chat API v2][flow] {&quot;stage&quot;:&quot;safe_fallback_used&quot;,&quot;caseId&quot;:&quot;case_123&quot;,&quot;mode&quot;:&quot;final_report&quot;,&quot;path&quot;:&quot;labor_override_post&quot;,&quot;reason&quot;:&quot;validation_after_retry_failed&quot;}

[Chat API v2][timing] {&quot;stage&quot;:&quot;request_total&quot;,&quot;caseId&quot;:&quot;case_123&quot;,&quot;totalMs&quot;:84,&quot;aborted&quot;:false}

            </system-out>
            <system-err>
[ModeValidator] Violations (case=case_123, mode=final_report): [ [32m&quot;FINAL_REPORT_FORMAT: Missing &apos;--- TRANSLATION ---&apos; separator&quot;[39m ]

            </system-err>
        </testcase>
        <testcase classname="tests/chat-transition-final-report.test.ts" name="Chat final_report labor override (explicit mode only) &gt; does not trigger labor override when intent keywords are absent" time="0.015410857">
            <system-out>
[Chat API v2] Input: detected=EN (heuristic-default), dialogue=EN, forcedOutput=none, Output: mode=AUTO, effective=EN, strategy=auto, includeTranslation=false, translationLanguage=none

[Chat API v2][timing] {&quot;stage&quot;:&quot;load_history&quot;,&quot;caseId&quot;:&quot;case_123&quot;,&quot;loadHistoryMs&quot;:0}

[Chat API v2][timing] {&quot;stage&quot;:&quot;compose_prompt&quot;,&quot;caseId&quot;:&quot;case_123&quot;,&quot;mode&quot;:&quot;final_report&quot;,&quot;composePromptMs&quot;:0}

[Chat API v2][timing] {&quot;stage&quot;:&quot;sse_first_token&quot;,&quot;caseId&quot;:&quot;case_123&quot;,&quot;firstSseTokenMs&quot;:1}

[Chat API v2][timing] {&quot;stage&quot;:&quot;openai_call&quot;,&quot;caseId&quot;:&quot;case_123&quot;,&quot;mode&quot;:&quot;final_report&quot;,&quot;path&quot;:&quot;primary_first&quot;,&quot;openAiStartMs&quot;:1,&quot;openAiMs&quot;:0,&quot;openAiFirstTokenMs&quot;:0}
[Chat API v2][flow] {&quot;stage&quot;:&quot;validation_post_stream&quot;,&quot;caseId&quot;:&quot;case_123&quot;,&quot;mode&quot;:&quot;final_report&quot;,&quot;path&quot;:&quot;primary_first&quot;,&quot;openAiFirstTokenMs&quot;:0,&quot;responseChars&quot;:408}
[Chat API v2][timing] {&quot;stage&quot;:&quot;validate_output&quot;,&quot;caseId&quot;:&quot;case_123&quot;,&quot;mode&quot;:&quot;final_report&quot;,&quot;path&quot;:&quot;primary_first&quot;,&quot;validateMs&quot;:0}

[Chat API v2][timing] {&quot;stage&quot;:&quot;request_total&quot;,&quot;caseId&quot;:&quot;case_123&quot;,&quot;totalMs&quot;:1,&quot;aborted&quot;:false}

            </system-out>
        </testcase>
    </testsuite>
    <testsuite name="tests/completion-detection.test.ts" timestamp="2026-03-18T23:24:09.502Z" hostname="agent-env-1cb0b3e9-d306-43ff-a0c9-322439ab1ebc" tests="24" failures="0" errors="0" skipped="0" time="0.203059247">
        <testcase classname="tests/completion-detection.test.ts" name="P1.6 — Verified Restoration completion &gt; Russian: &apos;после восстановления проводки водонагреватель работает&apos; triggers completion" time="0.092030447">
            <system-out>
[ContextEngine] Intent: Diagnostic response

            </system-out>
        </testcase>
        <testcase classname="tests/completion-detection.test.ts" name="P1.6 — Verified Restoration completion &gt; Russian: &apos;починил, водонагреватель работает нормально&apos; triggers completion" time="0.006675958">
            <system-out>
[ContextEngine] Intent: Diagnostic response

            </system-out>
        </testcase>
        <testcase classname="tests/completion-detection.test.ts" name="P1.6 — Verified Restoration completion &gt; English: &apos;after rewiring, heater now works&apos; triggers completion" time="0.002572967">
            <system-out>
[ContextEngine] Intent: Diagnostic response

            </system-out>
        </testcase>
        <testcase classname="tests/completion-detection.test.ts" name="P1.6 — Verified Restoration completion &gt; English: &apos;replaced fuse, water heater is now running&apos; triggers completion" time="0.000711503">
            <system-out>
[ContextEngine] Intent: Diagnostic response

            </system-out>
        </testcase>
        <testcase classname="tests/completion-detection.test.ts" name="P1.6 — Verified Restoration completion &gt; Spanish: &apos;después de reconectar funciona&apos; triggers completion" time="0.001251644">
            <system-out>
[ContextEngine] Intent: Diagnostic response

            </system-out>
        </testcase>
        <testcase classname="tests/completion-detection.test.ts" name="P1.6/P1.7 — Fault detection → fault_candidate phase &gt; English: &apos;burnt relay board confirmed&apos; → fault_candidate (not terminal)" time="0.001175487">
            <system-out>
[ContextEngine] Intent: New evidence (physical_damage): &quot;the relay board is burnt, confirmed fault...&quot;

            </system-out>
        </testcase>
        <testcase classname="tests/completion-detection.test.ts" name="P1.6/P1.7 — Fault detection → fault_candidate phase &gt; English: &apos;shorted motor, power present but nothing&apos; → fault_candidate" time="0.083054787">
            <system-out>
[ContextEngine] Intent: Diagnostic response

            </system-out>
        </testcase>
        <testcase classname="tests/completion-detection.test.ts" name="P1.6/P1.7 — Fault detection → fault_candidate phase &gt; Russian: &apos;сгорел мотор&apos; → fault_candidate" time="0.001517449">
            <system-out>
[ContextEngine] Intent: Diagnostic response

            </system-out>
        </testcase>
        <testcase classname="tests/completion-detection.test.ts" name="P1.6 — No auto-transition &gt; mode remains &apos;diagnostic&apos; after completion detection" time="0.000672772">
            <system-out>
[ContextEngine] Intent: Diagnostic response

            </system-out>
        </testcase>
        <testcase classname="tests/completion-detection.test.ts" name="P1.6 — No auto-transition &gt; responseInstructions.action is &apos;offer_completion&apos;, not a report generation action" time="0.000537256">
            <system-out>
[ContextEngine] Intent: Diagnostic response

            </system-out>
        </testcase>
        <testcase classname="tests/completion-detection.test.ts" name="P1.6 — No auto-transition &gt; isolationComplete is set but mode stays diagnostic" time="0.000935246">
            <system-out>
[ContextEngine] Intent: Diagnostic response

            </system-out>
        </testcase>
        <testcase classname="tests/completion-detection.test.ts" name="P1.6 — Explicit START FINAL REPORT still required &gt; system does NOT transition even after isolationComplete without explicit command" time="0.001575042">
            <system-out>
[ContextEngine] Intent: Diagnostic response

            </system-out>
        </testcase>
        <testcase classname="tests/completion-detection.test.ts" name="P1.6 — Explicit START FINAL REPORT still required &gt; sending START FINAL REPORT still changes mode (existing behavior unchanged)" time="0.000261022">
        </testcase>
        <testcase classname="tests/completion-detection.test.ts" name="P1.6 — Validation guard compatibility &gt; completion summary WITH &apos;START FINAL REPORT&apos; offer passes validator (no ? required)" time="0.002369938">
        </testcase>
        <testcase classname="tests/completion-detection.test.ts" name="P1.6 — Validation guard compatibility &gt; completion summary in English WITH &apos;START FINAL REPORT&apos; offer passes validator" time="0.000952001">
        </testcase>
        <testcase classname="tests/completion-detection.test.ts" name="P1.6 — Validation guard compatibility &gt; completion summary still blocked if it includes final report format headers" time="0.000263759">
        </testcase>
        <testcase classname="tests/completion-detection.test.ts" name="P1.6 — Validation guard compatibility &gt; response without question AND without START FINAL REPORT still fails" time="0.001218105">
        </testcase>
        <testcase classname="tests/completion-detection.test.ts" name="P1.7 — TestCase12 regression: wiring short + restoration &gt; Russian: &apos;короткое замыкание&apos; → fault_candidate (not terminal)" time="0.000517407">
            <system-out>
[ContextEngine] Intent: Diagnostic response

            </system-out>
        </testcase>
        <testcase classname="tests/completion-detection.test.ts" name="P1.7 — TestCase12 regression: wiring short + restoration &gt; Russian: &apos;я заменил проводку - водонагреватель работает&apos; → terminal" time="0.000426409">
            <system-out>
[ContextEngine] Intent: Diagnostic response

            </system-out>
        </testcase>
        <testcase classname="tests/completion-detection.test.ts" name="P1.7 — TestCase12 regression: wiring short + restoration &gt; Russian: &apos;обрыв проводки&apos; → fault_candidate" time="0.000412685">
            <system-out>
[ContextEngine] Intent: Diagnostic response

            </system-out>
        </testcase>
        <testcase classname="tests/completion-detection.test.ts" name="P1.7 — TestCase12 regression: wiring short + restoration &gt; completion state is NOT overwritten after terminal is reached" time="0.001330416">
            <system-out>
[ContextEngine] Intent: Diagnostic response
[ContextEngine] Intent: Diagnostic response
[ContextEngine] Intent: Diagnostic response

            </system-out>
        </testcase>
        <testcase classname="tests/completion-detection.test.ts" name="P1.7 — TestCase12 regression: wiring short + restoration &gt; activeStepId stays null after terminal state" time="0.00031767">
            <system-out>
[ContextEngine] Intent: Diagnostic response

            </system-out>
        </testcase>
        <testcase classname="tests/completion-detection.test.ts" name="P1.7 — TestCase12 regression: wiring short + restoration &gt; mode stays &apos;diagnostic&apos; after fault detection" time="0.000250227">
            <system-out>
[ContextEngine] Intent: Diagnostic response

            </system-out>
        </testcase>
        <testcase classname="tests/completion-detection.test.ts" name="P1.6 — Minimum steps guard (threshold = 1) &gt; does NOT detect completion if zero steps completed and no prior context" time="0.00034284">
            <system-out>
[ContextEngine] Intent: Diagnostic response

            </system-out>
        </testcase>
    </testsuite>
    <testsuite name="tests/context-engine-integration.test.ts" timestamp="2026-03-18T23:24:09.549Z" hostname="agent-env-1cb0b3e9-d306-43ff-a0c9-322439ab1ebc" tests="9" failures="0" errors="0" skipped="0" time="0.788083045">
        <testcase classname="tests/context-engine-integration.test.ts" name="Context Engine Integration &gt; processMessage is called before LLM invocation in diagnostic mode" time="0.602770096">
            <system-out>
[ContextEngine] Intent: Explain request: &quot;capacitor&quot;

            </system-out>
        </testcase>
        <testcase classname="tests/context-engine-integration.test.ts" name="Context Engine Integration &gt; recordAgentAction is called after processing a response" time="0.081176047">
            <system-out>
[ContextEngine] Intent: Diagnostic response

            </system-out>
        </testcase>
        <testcase classname="tests/context-engine-integration.test.ts" name="Context Engine Integration &gt; no duplicate fallback when loop guard is active" time="0.001105669">
        </testcase>
        <testcase classname="tests/context-engine-integration.test.ts" name="Context Engine Integration &gt; clarification subflow pushes and pops topic correctly" time="0.007262633">
            <system-out>
[ContextEngine] Intent: Locate request: &quot;capacitor&quot;

            </system-out>
        </testcase>
        <testcase classname="tests/context-engine-integration.test.ts" name="Context Engine Integration &gt; replan triggers when new evidence found after isolation" time="0.002067103">
            <system-out>
[ContextEngine] Intent: New evidence (physical_damage): &quot;wait, I found a refrigerant leak on the condenser...&quot;
[ContextEngine] Replan triggered: New physical_damage evidence after isolation: wait, I found a refrigerant leak on the condenser

            </system-out>
        </testcase>
        <testcase classname="tests/context-engine-integration.test.ts" name="Context Engine Integration &gt; labor confirmation is non-blocking" time="0.003741906">
        </testcase>
        <testcase classname="tests/context-engine-integration.test.ts" name="Context Engine Integration &gt; anti-loop directives are generated for prompt injection" time="0.000753518">
        </testcase>
        <testcase classname="tests/context-engine-integration.test.ts" name="Context Engine Integration &gt; replan notice is generated for prompt injection" time="0.001294696">
            <system-out>
[ContextEngine] Intent: New evidence (physical_damage): &quot;I just noticed a hole in the evaporator coil...&quot;
[ContextEngine] Replan triggered: New physical_damage evidence after isolation: I just noticed a hole in the evaporator coil

            </system-out>
        </testcase>
        <testcase classname="tests/context-engine-integration.test.ts" name="Context Engine Integration &gt; context engine result contains all required fields for route.ts" time="0.08683847">
            <system-out>
[ContextEngine] Intent: Diagnostic response

            </system-out>
        </testcase>
    </testsuite>
    <testsuite name="tests/context-engine.test.ts" timestamp="2026-03-18T23:24:09.550Z" hostname="agent-env-1cb0b3e9-d306-43ff-a0c9-322439ab1ebc" tests="26" failures="0" errors="0" skipped="0" time="0.992386347">
        <testcase classname="tests/context-engine.test.ts" name="Context Engine — AC Replan (P0a) &gt; detects new physical evidence after isolation" time="0.59022199">
        </testcase>
[...]
        </testcase>
        <testcase classname="tests/unit/diagnostic-procedures.test.ts" name="getNextStep &gt; skips completed steps" time="0.000657591">
        </testcase>
        <testcase classname="tests/unit/diagnostic-procedures.test.ts" name="getNextStep &gt; skips unable-to-verify steps" time="0.000515629">
        </testcase>
        <testcase classname="tests/unit/diagnostic-procedures.test.ts" name="getNextStep &gt; respects prerequisites" time="0.000533243">
        </testcase>
        <testcase classname="tests/unit/diagnostic-procedures.test.ts" name="getNextStep &gt; LP gas: pressure test before ignition" time="0.000534657">
        </testcase>
        <testcase classname="tests/unit/diagnostic-procedures.test.ts" name="getNextStep &gt; returns null when all steps done" time="0.000674985">
        </testcase>
        <testcase classname="tests/unit/diagnostic-procedures.test.ts" name="mapInitialMessageToSteps &gt; maps voltage reading to completed step" time="0.082764215">
        </testcase>
        <testcase classname="tests/unit/diagnostic-procedures.test.ts" name="mapInitialMessageToSteps &gt; does not map ambiguous messages" time="0.007432462">
        </testcase>
        <testcase classname="tests/unit/diagnostic-procedures.test.ts" name="mapInitialMessageToSteps &gt; maps multiple LP gas steps from detailed initial message" time="0.004354733">
        </testcase>
        <testcase classname="tests/unit/diagnostic-procedures.test.ts" name="buildProcedureContext &gt; shows next step when nothing completed" time="0.002395843">
        </testcase>
        <testcase classname="tests/unit/diagnostic-procedures.test.ts" name="buildProcedureContext &gt; shows active step only (authoritative mode)" time="0.000721446">
        </testcase>
        <testcase classname="tests/unit/diagnostic-procedures.test.ts" name="buildProcedureContext &gt; handles unable-to-verify in progress count" time="0.000718341">
        </testcase>
        <testcase classname="tests/unit/diagnostic-procedures.test.ts" name="buildProcedureContext &gt; shows &apos;ALL STEPS COMPLETE&apos; when done (no auto-transition)" time="0.000730197">
        </testcase>
        <testcase classname="tests/unit/diagnostic-procedures.test.ts" name="buildProcedureContext &gt; prevents cross-system questions" time="0.000885551">
        </testcase>
        <testcase classname="tests/unit/diagnostic-procedures.test.ts" name="Integration: procedure-aware registry &gt; initializes case with procedure from first message" time="0.009589532">
        </testcase>
        <testcase classname="tests/unit/diagnostic-procedures.test.ts" name="Integration: procedure-aware registry &gt; pre-completes steps from initial message" time="0.000851735">
        </testcase>
        <testcase classname="tests/unit/diagnostic-procedures.test.ts" name="Integration: procedure-aware registry &gt; buildRegistryContext uses procedure context when available" time="0.001228351">
        </testcase>
        <testcase classname="tests/unit/diagnostic-procedures.test.ts" name="Integration: procedure-aware registry &gt; falls back to legacy context when no procedure" time="0.002991208">
        </testcase>
        <testcase classname="tests/unit/diagnostic-procedures.test.ts" name="Integration: procedure-aware registry &gt; does not re-initialize on second message" time="0.000957375">
        </testcase>
        <testcase classname="tests/unit/diagnostic-procedures.test.ts" name="Confusing input handling &gt; cross-system bait: procedure context restricts to active system" time="0.000827349">
        </testcase>
        <testcase classname="tests/unit/diagnostic-procedures.test.ts" name="Confusing input handling &gt; unknown manufacturer: standard procedure used" time="0.001248713">
        </testcase>
    </testsuite>
    <testsuite name="tests/unit/diagnostic-registry.test.ts" timestamp="2026-03-18T23:24:09.603Z" hostname="agent-env-1cb0b3e9-d306-43ff-a0c9-322439ab1ebc" tests="30" failures="0" errors="0" skipped="0" time="0.584776488">
        <testcase classname="tests/unit/diagnostic-registry.test.ts" name="detectAlreadyAnswered &gt; detects &apos;already checked&apos;" time="0.188308955">
        </testcase>
        <testcase classname="tests/unit/diagnostic-registry.test.ts" name="detectAlreadyAnswered &gt; detects &apos;already told you&apos;" time="0.001276633">
        </testcase>
        <testcase classname="tests/unit/diagnostic-registry.test.ts" name="detectAlreadyAnswered &gt; detects &apos;already answered&apos;" time="0.001111387">
        </testcase>
        <testcase classname="tests/unit/diagnostic-registry.test.ts" name="detectAlreadyAnswered &gt; detects &apos;I already verified&apos;" time="0.001164048">
        </testcase>
        <testcase classname="tests/unit/diagnostic-registry.test.ts" name="detectAlreadyAnswered &gt; detects Russian &apos;уже проверил&apos;" time="0.001667971">
        </testcase>
        <testcase classname="tests/unit/diagnostic-registry.test.ts" name="detectAlreadyAnswered &gt; returns false for normal message" time="0.001244784">
        </testcase>
        <testcase classname="tests/unit/diagnostic-registry.test.ts" name="detectUnableToVerify &gt; detects &apos;don&apos;t know&apos;" time="0.001044424">
        </testcase>
        <testcase classname="tests/unit/diagnostic-registry.test.ts" name="detectUnableToVerify &gt; detects &apos;can&apos;t check&apos;" time="0.000899701">
        </testcase>
        <testcase classname="tests/unit/diagnostic-registry.test.ts" name="detectUnableToVerify &gt; detects &apos;unable to verify&apos;" time="0.001111333">
        </testcase>
        <testcase classname="tests/unit/diagnostic-registry.test.ts" name="detectUnableToVerify &gt; detects &apos;can&apos;t see&apos;" time="0.081271658">
        </testcase>
        <testcase classname="tests/unit/diagnostic-registry.test.ts" name="detectUnableToVerify &gt; detects &apos;no tool to check&apos;" time="0.001311969">
        </testcase>
        <testcase classname="tests/unit/diagnostic-registry.test.ts" name="detectUnableToVerify &gt; detects Russian &apos;не могу проверить&apos;" time="0.008218844">
        </testcase>
        <testcase classname="tests/unit/diagnostic-registry.test.ts" name="detectUnableToVerify &gt; returns false for normal message" time="0.001154914">
        </testcase>
        <testcase classname="tests/unit/diagnostic-registry.test.ts" name="extractTopics &gt; extracts voltage topic" time="0.001812092">
        </testcase>
        <testcase classname="tests/unit/diagnostic-registry.test.ts" name="extractTopics &gt; extracts ground topic" time="0.001505291">
        </testcase>
        <testcase classname="tests/unit/diagnostic-registry.test.ts" name="extractTopics &gt; extracts pump noise topic" time="0.001616069">
        </testcase>
        <testcase classname="tests/unit/diagnostic-registry.test.ts" name="extractTopics &gt; extracts multiple topics" time="0.000882272">
        </testcase>
        <testcase classname="tests/unit/diagnostic-registry.test.ts" name="extractTopics &gt; returns empty for unrelated message" time="0.083670565">
        </testcase>
        <testcase classname="tests/unit/diagnostic-registry.test.ts" name="detectKeyFinding &gt; detects missing fan blade" time="0.010261789">
        </testcase>
        <testcase classname="tests/unit/diagnostic-registry.test.ts" name="detectKeyFinding &gt; detects blower wheel damage" time="0.001157953">
        </testcase>
        <testcase classname="tests/unit/diagnostic-registry.test.ts" name="detectKeyFinding &gt; detects seized motor" time="0.001227286">
        </testcase>
        <testcase classname="tests/unit/diagnostic-registry.test.ts" name="detectKeyFinding &gt; detects zero current draw" time="0.001414649">
        </testcase>
        <testcase classname="tests/unit/diagnostic-registry.test.ts" name="detectKeyFinding &gt; detects cracked housing" time="0.08635017">
        </testcase>
        <testcase classname="tests/unit/diagnostic-registry.test.ts" name="detectKeyFinding &gt; returns null for normal diagnostic message" time="0.010563568">
        </testcase>
        <testcase classname="tests/unit/diagnostic-registry.test.ts" name="processUserMessage – procedure-aware &gt; tracks completed steps when procedure is active" time="0.003246831">
        </testcase>
        <testcase classname="tests/unit/diagnostic-registry.test.ts" name="processUserMessage – procedure-aware &gt; tracks unable-to-verify steps" time="0.001588274">
        </testcase>
        <testcase classname="tests/unit/diagnostic-registry.test.ts" name="processUserMessage – procedure-aware &gt; still tracks legacy topics" time="0.001034184">
        </testcase>
        <testcase classname="tests/unit/diagnostic-registry.test.ts" name="processUserMessage – procedure-aware &gt; detects key findings" time="0.083265475">
        </testcase>
        <testcase classname="tests/unit/diagnostic-registry.test.ts" name="shouldPivot &gt; returns false when no key findings" time="0.001068233">
        </testcase>
        <testcase classname="tests/unit/diagnostic-registry.test.ts" name="shouldPivot &gt; returns true when key finding is detected" time="0.001918997">
        </testcase>
    </testsuite>
    <testsuite name="tests/architecture/no-hidden-authority/chat-no-hidden-authority.test.ts" timestamp="2026-03-18T23:24:09.605Z" hostname="agent-env-1cb0b3e9-d306-43ff-a0c9-322439ab1ebc" tests="9" failures="0" errors="0" skipped="0" time="0.004862721">
        <testcase classname="tests/architecture/no-hidden-authority/chat-no-hidden-authority.test.ts" name="No Hidden Authority — Route Decomposition &gt; src/lib/chat/chat-request-preparer.ts does not import diagnostic authority modules" time="0.001558622">
        </testcase>
        <testcase classname="tests/architecture/no-hidden-authority/chat-no-hidden-authority.test.ts" name="No Hidden Authority — Route Decomposition &gt; src/lib/chat/chat-mode-resolver.ts does not import diagnostic authority modules" time="0.000339877">
        </testcase>
        <testcase classname="tests/architecture/no-hidden-authority/chat-no-hidden-authority.test.ts" name="No Hidden Authority — Route Decomposition &gt; src/lib/chat/prompt-context-builder.ts does not import diagnostic authority modules" time="0.000296601">
        </testcase>
        <testcase classname="tests/architecture/no-hidden-authority/chat-no-hidden-authority.test.ts" name="No Hidden Authority — Route Decomposition &gt; src/lib/chat/response-validation-service.ts does not import diagnostic authority modules" time="0.000201568">
        </testcase>
        <testcase classname="tests/architecture/no-hidden-authority/chat-no-hidden-authority.test.ts" name="No Hidden Authority — Route Decomposition &gt; src/lib/chat/final-report-flow-service.ts does not import diagnostic authority modules" time="0.000250042">
        </testcase>
        <testcase classname="tests/architecture/no-hidden-authority/chat-no-hidden-authority.test.ts" name="No Hidden Authority — Route Decomposition &gt; src/lib/chat/openai-execution-service.ts does not import diagnostic authority modules" time="0.000183563">
        </testcase>
        <testcase classname="tests/architecture/no-hidden-authority/chat-no-hidden-authority.test.ts" name="No Hidden Authority — Route Decomposition &gt; mode resolver refuses semantic mode inference" time="0.000255146">
        </testcase>
        <testcase classname="tests/architecture/no-hidden-authority/chat-no-hidden-authority.test.ts" name="No Hidden Authority — Route Decomposition &gt; fallback rendering only mirrors supplied authoritative step metadata" time="0.000385937">
        </testcase>
        <testcase classname="tests/architecture/no-hidden-authority/chat-no-hidden-authority.test.ts" name="No Hidden Authority — Route Decomposition &gt; route remains the boundary that invokes Context Engine directly" time="0.000366676">
        </testcase>
    </testsuite>
    <testsuite name="tests/architecture/strictness/route-strictness.test.ts" timestamp="2026-03-18T23:24:09.606Z" hostname="agent-env-1cb0b3e9-d306-43ff-a0c9-322439ab1ebc" tests="13" failures="0" errors="0" skipped="0" time="0.497192181">
        <testcase classname="tests/architecture/strictness/route-strictness.test.ts" name="Route Strictness — Context Engine Only &gt; STRICT_CONTEXT_ENGINE is enabled by default" time="0.283157319">
            <system-out>
[ContextEngine] Intent: Locate request: &quot;capacitor&quot;

            </system-out>
        </testcase>
        <testcase classname="tests/architecture/strictness/route-strictness.test.ts" name="Route Strictness — Context Engine Only &gt; Context Engine processMessage is always called in diagnostic mode" time="0.115399264">
            <system-out>
[ContextEngine] Intent: Diagnostic response

            </system-out>
        </testcase>
        <testcase classname="tests/architecture/strictness/route-strictness.test.ts" name="Route Strictness — Context Engine Only &gt; legacy shouldPivot is NOT used for flow decisions" time="0.002811144">
            <system-out>
[ContextEngine] Intent: Diagnostic response

            </system-out>
        </testcase>
        <testcase classname="tests/architecture/strictness/route-strictness.test.ts" name="Route Strictness — Context Engine Only &gt; replan is handled ONLY by Context Engine" time="0.080352563">
            <system-out>
[ContextEngine] Intent: New evidence (physical_damage): &quot;wait, I found a refrigerant leak on the condenser...&quot;
[ContextEngine] Replan triggered: New physical_damage evidence after isolation: wait, I found a refrigerant leak on the condenser

            </system-out>
        </testcase>
        <testcase classname="tests/architecture/strictness/route-strictness.test.ts" name="Route Strictness — Context Engine Only &gt; clarification is handled ONLY by Context Engine topic stack" time="0.000812981">
            <system-out>
[ContextEngine] Intent: How-to request: &quot;capacitor&quot;

            </system-out>
        </testcase>
        <testcase classname="tests/architecture/strictness/route-strictness.test.ts" name="Route Strictness — Context Engine Only &gt; no dual-authority: isolation + new evidence = replan (not dual pivot)" time="0.007255892">
            <system-out>
[ContextEngine] Intent: New evidence (physical_damage): &quot;Actually, I just noticed there&apos;s a hole in the eva...&quot;
[ContextEngine] Replan triggered: New physical_damage evidence after isolation: Actually, I just noticed there&apos;s a hole in the evaporator coil

            </system-out>
        </testcase>
        <testcase classname="tests/architecture/strictness/route-strictness.test.ts" name="Route Strictness — Context Engine Only &gt; loop guard prevents legacy-style fallback loops" time="0.000556027">
        </testcase>
        <testcase classname="tests/architecture/strictness/route-strictness.test.ts" name="Route Strictness — Context Engine Only &gt; step completion is synced from registry to Context Engine" time="0.000219451">
        </testcase>
        <testcase classname="tests/architecture/strictness/route-strictness.test.ts" name="Route Strictness — Context Engine Only &gt; anti-loop directives are generated by Context Engine" time="0.000734235">
        </testcase>
        <testcase classname="tests/architecture/strictness/route-strictness.test.ts" name="Route Strictness — Context Engine Only &gt; Context Engine result has valid structure for route consumption" time="0.00078398">
            <system-out>
[ContextEngine] Intent: Diagnostic response

            </system-out>
        </testcase>
        <testcase classname="tests/architecture/strictness/route-strictness.test.ts" name="Route Strictness — Context Engine Only &gt; Context Engine handles invalid/missing context gracefully" time="0.000255696">
        </testcase>
        <testcase classname="tests/architecture/strictness/route-strictness.test.ts" name="Data Provider Isolation — Registry as Read-Only &gt; buildRegistryContext returns step metadata (data only)" time="0.001637714">
        </testcase>
        <testcase classname="tests/architecture/strictness/route-strictness.test.ts" name="Data Provider Isolation — Registry as Read-Only &gt; initializeCase provides procedure catalog (data only)" time="0.001858908">
        </testcase>
    </testsuite>
    <testsuite name="tests/architecture/route-wiring/chat-route-wiring.test.ts" timestamp="2026-03-18T23:24:09.607Z" hostname="agent-env-1cb0b3e9-d306-43ff-a0c9-322439ab1ebc" tests="2" failures="0" errors="0" skipped="0" time="1.195690288">
        <testcase classname="tests/architecture/route-wiring/chat-route-wiring.test.ts" name="Chat Route Wiring &gt; emits SSE success lifecycle once without duplicate done events" time="1.099052383">
            <system-out>
[Chat API v2] Input: detected=EN (heuristic-default), dialogue=EN, forcedOutput=none, Output: mode=AUTO, effective=EN, strategy=auto, includeTranslation=false, translationLanguage=none

[Chat API v2][timing] {&quot;stage&quot;:&quot;load_history&quot;,&quot;caseId&quot;:&quot;case_1&quot;,&quot;loadHistoryMs&quot;:0}

[ContextEngine] Intent: Diagnostic response
[Chat API v2] Context Engine: intent=MAIN_DIAGNOSTIC, submode=main, stateChanged=false
[Chat API v2][timing] {&quot;stage&quot;:&quot;compose_prompt&quot;,&quot;caseId&quot;:&quot;case_1&quot;,&quot;mode&quot;:&quot;diagnostic&quot;,&quot;composePromptMs&quot;:0}

[Chat API v2][timing] {&quot;stage&quot;:&quot;sse_first_token&quot;,&quot;caseId&quot;:&quot;case_1&quot;,&quot;firstSseTokenMs&quot;:191}

[Chat API v2][timing] {&quot;stage&quot;:&quot;openai_call&quot;,&quot;caseId&quot;:&quot;case_1&quot;,&quot;mode&quot;:&quot;diagnostic&quot;,&quot;path&quot;:&quot;primary_first&quot;,&quot;openAiStartMs&quot;:190,&quot;openAiMs&quot;:1,&quot;openAiFirstTokenMs&quot;:1}
[Chat API v2][flow] {&quot;stage&quot;:&quot;validation_post_stream&quot;,&quot;caseId&quot;:&quot;case_1&quot;,&quot;mode&quot;:&quot;diagnostic&quot;,&quot;path&quot;:&quot;primary_first&quot;,&quot;openAiFirstTokenMs&quot;:1,&quot;responseChars&quot;:46}
[Chat API v2][timing] {&quot;stage&quot;:&quot;validate_output&quot;,&quot;caseId&quot;:&quot;case_1&quot;,&quot;mode&quot;:&quot;diagnostic&quot;,&quot;path&quot;:&quot;primary_first&quot;,&quot;validateMs&quot;:88}

[Chat API v2][timing] {&quot;stage&quot;:&quot;request_total&quot;,&quot;caseId&quot;:&quot;case_1&quot;,&quot;totalMs&quot;:281,&quot;aborted&quot;:false}

            </system-out>
        </testcase>
        <testcase classname="tests/architecture/route-wiring/chat-route-wiring.test.ts" name="Chat Route Wiring &gt; emits error and done once on upstream failure" time="0.094480553">
            <system-out>
[Chat API v2] Input: detected=EN (heuristic-default), dialogue=EN, forcedOutput=none, Output: mode=AUTO, effective=EN, strategy=auto, includeTranslation=false, translationLanguage=none

[Chat API v2][timing] {&quot;stage&quot;:&quot;load_history&quot;,&quot;caseId&quot;:&quot;case_1&quot;,&quot;loadHistoryMs&quot;:0}

[ContextEngine] Intent: Diagnostic response
[Chat API v2] Context Engine: intent=MAIN_DIAGNOSTIC, submode=main, stateChanged=false
[Chat API v2][timing] {&quot;stage&quot;:&quot;compose_prompt&quot;,&quot;caseId&quot;:&quot;case_1&quot;,&quot;mode&quot;:&quot;diagnostic&quot;,&quot;composePromptMs&quot;:0}

[Chat API v2][timing] {&quot;stage&quot;:&quot;openai_call&quot;,&quot;caseId&quot;:&quot;case_1&quot;,&quot;mode&quot;:&quot;diagnostic&quot;,&quot;path&quot;:&quot;primary_first&quot;,&quot;openAiStartMs&quot;:85,&quot;openAiMs&quot;:1}

[Chat API v2][timing] {&quot;stage&quot;:&quot;request_total&quot;,&quot;caseId&quot;:&quot;case_1&quot;,&quot;totalMs&quot;:86,&quot;aborted&quot;:false}

            </system-out>
        </testcase>
    </testsuite>
</testsuites>
